13:12:04.949 [main                     ] DEBUG Logger               - Configured Logger
13:12:05.015 [main                     ] DEBUG GameApplication      - Logging settings
Title: Spaceship
Version: 0.0
Width: 2400
Height: 1300
Fullscreen: true
Intro: false
Profiling: false
Single step:false
App Mode: DEVELOPER
Menu Key: ESCAPE
Stage Style: DECORATED
Scene Factory: class com.almasb.fxgl.app.scene.SceneFactory

13:12:05.812 [JavaFX Application Thread] DEBUG FXGLApplication      - Initializing FXGL
13:12:05.819 [JavaFX Application Thread] INFO  Engine               - FXGL-11.17 (16.07.2021 15.46) on LINUX (J:11.0.16.1 FX:16)
13:12:05.820 [JavaFX Application Thread] DEBUG Engine               - JRE Vendor Name: Oracle Corporation
13:12:05.820 [JavaFX Application Thread] DEBUG Engine               - Running on OS: Linux version 5.15.65-1-MANJARO
13:12:05.821 [JavaFX Application Thread] DEBUG Engine               - Architecture: amd64
13:12:05.821 [JavaFX Application Thread] INFO  Engine               - Source code and latest versions at: https://github.com/AlmasB/FXGL
13:12:05.822 [JavaFX Application Thread] INFO  Engine               -              Join the FXGL chat at: https://gitter.im/AlmasB/FXGL
13:12:06.244 [JavaFX Application Thread] DEBUG PrimaryStageWindow   - Creating a JavaFX scene
13:12:06.245 [JavaFX Application Thread] DEBUG PrimaryStageWindow   - Target size > screen size
13:12:06.552 [JavaFX Application Thread] DEBUG PrimaryStageWindow   - Target settings size: 2400.0 x 1300.0
13:12:06.553 [JavaFX Application Thread] DEBUG PrimaryStageWindow   - Scaled scene size:    1895.0 x 1040.0
13:12:06.554 [JavaFX Application Thread] DEBUG PrimaryStageWindow   - Scaled ratio: (0.7895833333333333, 0.8)
13:12:06.557 [JavaFX Application Thread] DEBUG PrimaryStageWindow   - Set initial scene to FXGLStartupScene
13:12:06.581 [JavaFX Application Thread] DEBUG PrimaryStageWindow   - Opening main window
13:12:06.713 [JavaFX Application Thread] DEBUG PrimaryStageWindow   - Window border size: (2.0, 29.0)
13:12:06.714 [JavaFX Application Thread] DEBUG PrimaryStageWindow   - Scaled size: 1895.0 x 1040.0
13:12:06.714 [JavaFX Application Thread] DEBUG PrimaryStageWindow   - Scaled ratio: (0.7895833333333333, 0.8)
13:12:06.715 [JavaFX Application Thread] DEBUG PrimaryStageWindow   - Scene size: 1895.0 x 1040.0
13:12:06.715 [JavaFX Application Thread] DEBUG PrimaryStageWindow   - Stage size: 1897.0 x 1069.0
13:12:06.721 [JavaFX Application Thread] DEBUG PrimaryStageWindow   - Going fullscreen
13:12:06.744 [FXGL Background Thread 1 ] DEBUG Engine               - Initializing environment variables
13:12:06.916 [FXGL Background Thread 1 ] DEBUG FXGLAssetLoaderServi - User app class for loading assets: class com.example.App
13:12:06.917 [FXGL Background Thread 1 ] DEBUG GameApplicationServi - Applying CSS: fxgl_dark.css
13:12:06.919 [FXGL Background Thread 1 ] DEBUG FXGLAssetLoaderServi - Loading from file system: jar:file:/home/sam/.m2/repository/com/github/almasb/fxgl/11.17/fxgl-11.17.jar!/fxglassets/ui/css/fxgl_dark.css
13:12:07.119 [FXGL Background Thread 1 ] DEBUG GameApplicationServi - Initializing application scenes
13:12:07.249 [FXGL Background Thread 1 ] DEBUG GameWorld            - Game world initialized
13:12:07.385 [FXGL Background Thread 1 ] DEBUG PhysicsWorld         - Physics world initialized: appHeight=1300, physics.ppm=50.0
13:12:07.387 [FXGL Background Thread 1 ] DEBUG PhysicsWorld         - Using strategy: BRUTE_FORCE
13:12:07.394 [FXGL Background Thread 1 ] DEBUG GameScene            - Game scene initialized: 2400x1300
13:12:07.428 [FXGL Background Thread 1 ] DEBUG FXGL.DefaultMenu     - createMenuBodyGameMenu()
13:12:07.470 [FXGL Background Thread 1 ] DEBUG FXGL.DefaultMenu     - createOptionsMenu()
13:12:07.498 [FXGL Background Thread 1 ] DEBUG FXGLAssetLoaderServi - Loading from file system: jar:file:/home/sam/.m2/repository/com/github/almasb/fxgl/11.17/fxgl-11.17.jar!/fxglassets/textures/particles/smoke.png
13:12:07.689 [FXGL Background Thread 1 ] DEBUG FXGLAssetLoaderServi - Loading from file system: jar:file:/home/sam/.m2/repository/com/github/almasb/fxgl/11.17/fxgl-11.17.jar!/fxglassets/textures/particles/trace_horizontal.png
13:12:07.754 [FXGL Background Thread 1 ] DEBUG GameApplicationServi - Application scenes initialized
13:12:07.779 [FXGL Background Thread 1 ] DEBUG SystemBundleService  - Loading FXGL system data
13:12:07.789 [FXGL Background Thread 1 ] DEBUG FileSystemAccess     - Reading from: /home/sam/Desktop/Repos/spaceship/system/fxgl.bundle
13:12:07.803 [FXGL Background Thread 1 ] DEBUG SystemBundleService  - Bundle FXGL: {}
13:12:07.804 [FXGL Background Thread 1 ] DEBUG UpdaterService       - Checking for updates
13:12:07.872 [FXGL Background Thread 1 ] DEBUG FXGLApplication      - Loading default localization
13:12:07.876 [FXGL Background Thread 1 ] DEBUG FXGLAssetLoaderServi - Loading from file system: jar:file:/home/sam/.m2/repository/com/github/almasb/fxgl/11.17/fxgl-11.17.jar!/fxglassets/languages/english.lang
13:12:07.879 [FXGL Background Thread 4 ] DEBUG FXGLApplication      - Loading fonts
13:12:07.880 [FXGL Background Thread 4 ] DEBUG FXGLAssetLoaderServi - Loading from file system: jar:file:/home/sam/.m2/repository/com/github/almasb/fxgl/11.17/fxgl-11.17.jar!/fxglassets/ui/fonts/VarelaRound-Regular.ttf
13:12:07.936 [FXGL Background Thread 4 ] DEBUG FXGLAssetLoaderServi - Loading from file system: jar:file:/home/sam/.m2/repository/com/github/almasb/fxgl/11.17/fxgl-11.17.jar!/fxglassets/ui/fonts/Abel-Regular.ttf
13:12:07.947 [FXGL Background Thread 4 ] DEBUG FXGLAssetLoaderServi - Loading from file system: jar:file:/home/sam/.m2/repository/com/github/almasb/fxgl/11.17/fxgl-11.17.jar!/fxglassets/ui/fonts/lucida_console.ttf
13:12:07.953 [FXGL Background Thread 4 ] DEBUG FXGLAssetLoaderServi - Loading from file system: jar:file:/home/sam/.m2/repository/com/github/almasb/fxgl/11.17/fxgl-11.17.jar!/fxglassets/ui/fonts/Courier-Prime.ttf
13:12:07.954 [FXGL Background Thread 1 ] INFO  FXGLApplication      - FXGL initialization took: 1.210 sec
13:12:07.987 [JavaFX Application Thread] DEBUG Input                - Registered new binding: action0 - W
13:12:07.988 [JavaFX Application Thread] DEBUG Input                - Registered new binding: action1 - S
13:12:07.989 [JavaFX Application Thread] DEBUG Input                - Registered new binding: action2 - A
13:12:07.990 [JavaFX Application Thread] DEBUG Input                - Registered new binding: action3 - D
13:12:07.992 [JavaFX Application Thread] DEBUG Input                - Registered new binding: action4 - Space
13:12:07.993 [JavaFX Application Thread] DEBUG Input                - Registered new binding: action5 - R
13:12:07.994 [JavaFX Application Thread] DEBUG Input                - Registered new binding: action6 - Up
13:12:07.996 [JavaFX Application Thread] DEBUG Input                - Registered new binding: action7 - Down
13:12:07.997 [JavaFX Application Thread] DEBUG Input                - Registered new binding: action8 - Left
13:12:07.999 [JavaFX Application Thread] DEBUG Input                - Registered new binding: action9 - Right
13:12:08.001 [JavaFX Application Thread] DEBUG Input                - Registered new binding: action10 - Slash
13:12:08.002 [JavaFX Application Thread] DEBUG Input                - Registered new binding: action11 - 0
13:12:08.003 [JavaFX Application Thread] DEBUG FXGLAssetLoaderServi - Loading from file system: jar:file:/home/sam/.m2/repository/com/github/almasb/fxgl/11.17/fxgl-11.17.jar!/fxglassets/textures/fxgl_icon.png
13:12:08.055 [JavaFX Application Thread] DEBUG FXGLAssetLoaderServi - Loading from file system: jar:file:/home/sam/.m2/repository/com/github/almasb/fxgl/11.17/fxgl-11.17.jar!/fxglassets/textures/fxgl_default_cursor.png
13:12:08.060 [JavaFX Application Thread] DEBUG Input                - Registered new binding: Screenshot - CTRL+8
13:12:08.061 [JavaFX Application Thread] DEBUG Input                - Registered new binding: Dev Options - 1
13:12:08.062 [JavaFX Application Thread] DEBUG Input                - Registered new binding: Dev Console - 2
13:12:08.078 [JavaFX Application Thread] DEBUG Input                - Registered new binding: System info dump - CTRL+9
13:12:08.080 [JavaFX Application Thread] DEBUG Input                - Registered new binding: Restart - CTRL+R
13:12:08.081 [JavaFX Application Thread] DEBUG Input                - Registered new binding: Toggle Debug Camera - CTRL+C
13:12:08.088 [JavaFX Application Thread] DEBUG LoopRunner           - Starting loop
13:12:08.123 [JavaFX Application Thread] DEBUG LoopRunner           - Initializing JavaFX AnimationTimerLoop
13:12:08.129 [JavaFX Application Thread] DEBUG GameApplicationServi - Starting new game
13:12:08.131 [JavaFX Application Thread] DEBUG Input                - Clearing active input actions
13:12:08.158 [JavaFX Application Thread] DEBUG GameApplicationServi - Removing overlay from FXGLStartupScene and adding to FXGLLoadingScene
13:12:08.167 [JavaFX Application Thread] DEBUG PrimaryStageWindow   - FXGLStartupScene -> FXGLLoadingScene
13:12:08.168 [JavaFX Application Thread] DEBUG GameApplicationServi - Clearing previous game
13:12:08.168 [JavaFX Application Thread] DEBUG GameScene            - Clearing game scene
13:12:08.168 [JavaFX Application Thread] DEBUG GameWorld            - Clearing game world
13:12:08.169 [JavaFX Application Thread] DEBUG PhysicsWorld         - Clearing physics world
13:12:08.171 [FXGL Background Thread 4 ] DEBUG FXGLApplication      - Initializing game
13:12:08.184 [FXGL Background Thread 4 ] DEBUG FXGLAssetLoaderServi - Loading from file system: file:/home/sam/Desktop/Repos/spaceship/target/classes/assets/textures/Spaceship.png
13:12:08.186 [JavaFX Application Thread] DEBUG FXGLApplication      - Registering font factories with UI factory
13:12:08.263 [FXGL Background Thread 4 ] DEBUG FXGLAssetLoaderServi - Loading from file system: file:/home/sam/Desktop/Repos/spaceship/target/classes/assets/textures/Spaceship2.png
13:12:08.271 [FXGL Background Thread 4 ] INFO  FXGLApplication      - Game initialization took: 0.100 sec
13:12:08.864 [JavaFX Application Thread] DEBUG Input                - Clearing active input actions
13:12:08.892 [JavaFX Application Thread] DEBUG GameApplicationServi - Removing overlay from FXGLLoadingScene and adding to GameScene
13:12:08.901 [JavaFX Application Thread] DEBUG PrimaryStageWindow   - FXGLLoadingScene -> GameScene
13:12:09.101 [FXGL Background Thread 2 ] INFO  UpdaterService       - Your current version:  11.17
13:12:09.102 [FXGL Background Thread 2 ] INFO  UpdaterService       - Latest stable version: 17.2
13:12:10.861 [FXGL Background Thread 3 ] DEBUG Engine               - Logging environment variables
13:12:10.864 [FXGL Background Thread 3 ] DEBUG Engine               - achievements: []
13:12:10.866 [FXGL Background Thread 3 ] DEBUG Engine               - actualHeight: 1069.0
13:12:10.868 [FXGL Background Thread 3 ] DEBUG Engine               - actualHeightProperty: ReadOnlyDoubleProperty [value: 1080.0]
13:12:10.870 [FXGL Background Thread 3 ] DEBUG Engine               - actualWidth: 1897.0
13:12:10.871 [FXGL Background Thread 3 ] DEBUG Engine               - actualWidthProperty: ReadOnlyDoubleProperty [value: 1920.0]
13:12:10.873 [FXGL Background Thread 3 ] DEBUG Engine               - appIcon: fxgl_icon.png
13:12:10.875 [FXGL Background Thread 3 ] DEBUG Engine               - applicationMode: DEVELOPER
13:12:10.876 [FXGL Background Thread 3 ] DEBUG Engine               - cSSList: [fxgl_dark.css]
13:12:10.876 [FXGL Background Thread 3 ] DEBUG Engine               - collisionDetectionStrategy: BRUTE_FORCE
13:12:10.876 [FXGL Background Thread 3 ] DEBUG Engine               - configClass: Optional.empty
13:12:10.877 [FXGL Background Thread 3 ] DEBUG Engine               - credits: []
13:12:10.877 [FXGL Background Thread 3 ] DEBUG Engine               - defaultCursor: CursorInfo(imageName=fxgl_default_cursor.png, hotspotX=7.0, hotspotY=6.0)
13:12:10.878 [FXGL Background Thread 3 ] DEBUG Engine               - devBBoxColorProperty: ObjectProperty [value: 0xff0000ff]
13:12:10.879 [FXGL Background Thread 3 ] DEBUG Engine               - devEnableDebugCameraProperty: BooleanProperty [value: false]
13:12:10.880 [FXGL Background Thread 3 ] DEBUG Engine               - devSensorColorProperty: ObjectProperty [value: 0xffff00ff]
13:12:10.881 [FXGL Background Thread 3 ] DEBUG Engine               - devShowBBoxProperty: BooleanProperty [value: false]
13:12:10.882 [FXGL Background Thread 3 ] DEBUG Engine               - devShowPositionProperty: BooleanProperty [value: false]
13:12:10.883 [FXGL Background Thread 3 ] DEBUG Engine               - enabledMenuItems: []
13:12:10.883 [FXGL Background Thread 3 ] DEBUG Engine               - engineServices: [class com.almasb.fxgl.app.services.FXGLAssetLoaderService, class com.almasb.fxgl.app.FXGLApplication$GameApplicationService, class com.almasb.fxgl.app.services.FXGLDialogService, class com.almasb.fxgl.app.services.IOTaskExecutorService, class com.almasb.fxgl.io.FileSystemService, class com.almasb.fxgl.localization.LocalizationService, class com.almasb.fxgl.app.services.SystemBundleService, class com.almasb.fxgl.profile.SaveLoadService, class com.almasb.fxgl.ui.FXGLUIFactoryServiceProvider, class com.almasb.fxgl.ui.FXGLDialogFactoryServiceProvider, class com.almasb.fxgl.audio.AudioPlayer, class com.almasb.fxgl.notification.impl.NotificationServiceProvider, class com.almasb.fxgl.achievement.AchievementService, class com.almasb.fxgl.cutscene.CutsceneService, class com.almasb.fxgl.minigames.MiniGameService, class com.almasb.fxgl.net.NetService, class com.almasb.fxgl.app.services.UpdaterService, class com.almasb.fxgl.dev.DevService]
13:12:10.884 [FXGL Background Thread 3 ] DEBUG Engine               - fontGame: Abel-Regular.ttf
13:12:10.884 [FXGL Background Thread 3 ] DEBUG Engine               - fontMono: lucida_console.ttf
13:12:10.884 [FXGL Background Thread 3 ] DEBUG Engine               - fontText: Courier-Prime.ttf
13:12:10.884 [FXGL Background Thread 3 ] DEBUG Engine               - fontUI: VarelaRound-Regular.ttf
13:12:10.884 [FXGL Background Thread 3 ] DEBUG Engine               - fullScreen: BooleanProperty [value: true]
13:12:10.885 [FXGL Background Thread 3 ] DEBUG Engine               - gameDifficulty: MEDIUM
13:12:10.885 [FXGL Background Thread 3 ] DEBUG Engine               - gameDifficultyProperty: ObjectProperty [value: MEDIUM]
13:12:10.885 [FXGL Background Thread 3 ] DEBUG Engine               - globalMusicVolume: 0.5
13:12:10.885 [FXGL Background Thread 3 ] DEBUG Engine               - globalMusicVolumeProperty: DoubleProperty [value: 0.5]
13:12:10.886 [FXGL Background Thread 3 ] DEBUG Engine               - globalSoundVolume: 0.5
13:12:10.889 [FXGL Background Thread 3 ] DEBUG Engine               - globalSoundVolumeProperty: DoubleProperty [value: 0.5]
13:12:10.890 [FXGL Background Thread 3 ] DEBUG Engine               - height: 1300
13:12:10.890 [FXGL Background Thread 3 ] DEBUG Engine               - is3D: false
13:12:10.890 [FXGL Background Thread 3 ] DEBUG Engine               - isAndroid: false
13:12:10.892 [FXGL Background Thread 3 ] DEBUG Engine               - isBrowser: false
13:12:10.902 [FXGL Background Thread 3 ] DEBUG Engine               - isClickFeedbackEnabled: false
13:12:10.903 [FXGL Background Thread 3 ] DEBUG Engine               - isCloseConfirmation: false
13:12:10.904 [FXGL Background Thread 3 ] DEBUG Engine               - isDesktop: true
13:12:10.904 [FXGL Background Thread 3 ] DEBUG Engine               - isDeveloperMenuEnabled: true
13:12:10.905 [FXGL Background Thread 3 ] DEBUG Engine               - isEntityPreloadEnabled: true
13:12:10.905 [FXGL Background Thread 3 ] DEBUG Engine               - isExperimentalTiledLargeMap: false
13:12:10.906 [FXGL Background Thread 3 ] DEBUG Engine               - isFileSystemWriteAllowed: true
13:12:10.906 [FXGL Background Thread 3 ] DEBUG Engine               - isFullScreenAllowed: true
13:12:10.906 [FXGL Background Thread 3 ] DEBUG Engine               - isFullScreenFromStart: true
13:12:10.906 [FXGL Background Thread 3 ] DEBUG Engine               - isGameMenuEnabled: true
13:12:10.907 [FXGL Background Thread 3 ] DEBUG Engine               - isIOS: false
13:12:10.907 [FXGL Background Thread 3 ] DEBUG Engine               - isIntroEnabled: false
13:12:10.907 [FXGL Background Thread 3 ] DEBUG Engine               - isLinux: true
13:12:10.907 [FXGL Background Thread 3 ] DEBUG Engine               - isMac: false
13:12:10.908 [FXGL Background Thread 3 ] DEBUG Engine               - isMainMenuEnabled: false
13:12:10.908 [FXGL Background Thread 3 ] DEBUG Engine               - isManualResizeEnabled: true
13:12:10.908 [FXGL Background Thread 3 ] DEBUG Engine               - isMobile: false
13:12:10.909 [FXGL Background Thread 3 ] DEBUG Engine               - isNative: false
13:12:10.909 [FXGL Background Thread 3 ] DEBUG Engine               - isPauseMusicWhenMinimized: true
13:12:10.909 [FXGL Background Thread 3 ] DEBUG Engine               - isPreserveResizeRatio: false
13:12:10.909 [FXGL Background Thread 3 ] DEBUG Engine               - isProfilingEnabled: false
13:12:10.910 [FXGL Background Thread 3 ] DEBUG Engine               - isScaleAffectedOnResize: true
13:12:10.910 [FXGL Background Thread 3 ] DEBUG Engine               - isSingleStep: false
13:12:10.922 [FXGL Background Thread 3 ] DEBUG Engine               - isUserProfileEnabled: false
13:12:10.923 [FXGL Background Thread 3 ] DEBUG Engine               - isWindows: false
13:12:10.923 [FXGL Background Thread 3 ] DEBUG Engine               - language: ObjectProperty [value: ENGLISH]
13:12:10.923 [FXGL Background Thread 3 ] DEBUG Engine               - menuKey: ESCAPE
13:12:10.924 [FXGL Background Thread 3 ] DEBUG Engine               - mouseSensitivity: 0.2
13:12:10.924 [FXGL Background Thread 3 ] DEBUG Engine               - notificationViewClass: class com.almasb.fxgl.notification.view.XboxNotificationView
13:12:10.924 [FXGL Background Thread 3 ] DEBUG Engine               - pixelsPerMeter: 50.0
13:12:10.924 [FXGL Background Thread 3 ] DEBUG Engine               - platform: LINUX
13:12:10.925 [FXGL Background Thread 3 ] DEBUG Engine               - prefHeightProperty: ReadOnlyDoubleProperty [value: 1300.0]
13:12:10.925 [FXGL Background Thread 3 ] DEBUG Engine               - prefWidthProperty: ReadOnlyDoubleProperty [value: 2400.0]
13:12:10.925 [FXGL Background Thread 3 ] DEBUG Engine               - profileDir: profiles/
13:12:10.925 [FXGL Background Thread 3 ] DEBUG Engine               - profileName: StringProperty [value: DEFAULT]
13:12:10.926 [FXGL Background Thread 3 ] DEBUG Engine               - randomSeed: -1
13:12:10.926 [FXGL Background Thread 3 ] DEBUG Engine               - runtimeInfo: RuntimeInfo(platform=LINUX, version=11.17, build=16.07.2021 15.46)
13:12:10.926 [FXGL Background Thread 3 ] DEBUG Engine               - saveFileExt: sav
13:12:10.926 [FXGL Background Thread 3 ] DEBUG Engine               - scaledHeightProp$fxgl: DoubleProperty [bound, value: 1080.0]
13:12:10.926 [FXGL Background Thread 3 ] DEBUG Engine               - scaledWidthProp$fxgl: DoubleProperty [bound, value: 1920.0]
13:12:10.927 [FXGL Background Thread 3 ] DEBUG Engine               - sceneFactory: com.almasb.fxgl.app.scene.SceneFactory@2c9d4273
13:12:10.927 [FXGL Background Thread 3 ] DEBUG Engine               - secondsIn24h: 60
13:12:10.927 [FXGL Background Thread 3 ] DEBUG Engine               - soundMenuBack: menu/back.wav
13:12:10.927 [FXGL Background Thread 3 ] DEBUG Engine               - soundMenuPress: menu/press.wav
13:12:10.927 [FXGL Background Thread 3 ] DEBUG Engine               - soundMenuSelect: menu/select.wav
13:12:10.928 [FXGL Background Thread 3 ] DEBUG Engine               - soundNotification: core/notification.wav
13:12:10.928 [FXGL Background Thread 3 ] DEBUG Engine               - stageStyle: DECORATED
13:12:10.928 [FXGL Background Thread 3 ] DEBUG Engine               - supportedLanguages: [ENGLISH, FRENCH, GERMAN, HUNGARIAN, RUSSIAN]
13:12:10.928 [FXGL Background Thread 3 ] DEBUG Engine               - ticksPerSecond: -1
13:12:10.929 [FXGL Background Thread 3 ] DEBUG Engine               - title: Spaceship
13:12:10.929 [FXGL Background Thread 3 ] DEBUG Engine               - urlGithub: https://github.com/AlmasB/FXGL
13:12:10.929 [FXGL Background Thread 3 ] DEBUG Engine               - urlLeaderboard: http://fxgl-top.herokuapp.com/
13:12:10.929 [FXGL Background Thread 3 ] DEBUG Engine               - urlPOM: https://raw.githubusercontent.com/AlmasB/FXGL/release/README.md
13:12:10.929 [FXGL Background Thread 3 ] DEBUG Engine               - userAppClass: class com.example.App
13:12:10.929 [FXGL Background Thread 3 ] DEBUG Engine               - version: 0.0
13:12:10.930 [FXGL Background Thread 3 ] DEBUG Engine               - versionCheckDays: 7
13:12:10.930 [FXGL Background Thread 3 ] DEBUG Engine               - width: 2400
13:12:10.930 [FXGL Background Thread 3 ] DEBUG Engine               - Logging services
13:12:10.930 [FXGL Background Thread 3 ] DEBUG Engine               - class com.almasb.fxgl.app.services.FXGLAssetLoaderService
13:12:10.930 [FXGL Background Thread 3 ] DEBUG Engine               - class com.almasb.fxgl.app.FXGLApplication$GameApplicationService
13:12:10.930 [FXGL Background Thread 3 ] DEBUG Engine               - class com.almasb.fxgl.app.services.FXGLDialogService
13:12:10.931 [FXGL Background Thread 3 ] DEBUG Engine               - class com.almasb.fxgl.app.services.IOTaskExecutorService
13:12:10.931 [FXGL Background Thread 3 ] DEBUG Engine               - class com.almasb.fxgl.io.FileSystemService
13:12:10.931 [FXGL Background Thread 3 ] DEBUG Engine               - class com.almasb.fxgl.localization.LocalizationService
13:12:10.931 [FXGL Background Thread 3 ] DEBUG Engine               - class com.almasb.fxgl.app.services.SystemBundleService
13:12:10.931 [FXGL Background Thread 3 ] DEBUG Engine               - class com.almasb.fxgl.profile.SaveLoadService
13:12:10.931 [FXGL Background Thread 3 ] DEBUG Engine               - class com.almasb.fxgl.ui.FXGLUIFactoryServiceProvider
13:12:10.932 [FXGL Background Thread 3 ] DEBUG Engine               - class com.almasb.fxgl.ui.FXGLDialogFactoryServiceProvider
13:12:10.932 [FXGL Background Thread 3 ] DEBUG Engine               - class com.almasb.fxgl.audio.AudioPlayer
13:12:10.932 [FXGL Background Thread 3 ] DEBUG Engine               - class com.almasb.fxgl.notification.impl.NotificationServiceProvider
13:12:10.932 [FXGL Background Thread 3 ] DEBUG Engine               - class com.almasb.fxgl.achievement.AchievementService
13:12:10.932 [FXGL Background Thread 3 ] DEBUG Engine               - class com.almasb.fxgl.cutscene.CutsceneService
13:12:10.933 [FXGL Background Thread 3 ] DEBUG Engine               - class com.almasb.fxgl.minigames.MiniGameService
13:12:10.933 [FXGL Background Thread 3 ] DEBUG Engine               - class com.almasb.fxgl.net.NetService
13:12:10.933 [FXGL Background Thread 3 ] DEBUG Engine               - class com.almasb.fxgl.app.services.UpdaterService
13:12:10.933 [FXGL Background Thread 3 ] DEBUG Engine               - class com.almasb.fxgl.dev.DevService
13:12:20.006 [JavaFX Application Thread] DEBUG PrimaryStageWindow   - Push state: FXGLDefaultMenu
13:12:20.018 [JavaFX Application Thread] DEBUG Input                - Clearing active input actions
13:12:20.022 [JavaFX Application Thread] DEBUG GameApplicationServi - Removing overlay from GameScene and adding to FXGLDefaultMenu
13:12:20.029 [JavaFX Application Thread] DEBUG PrimaryStageWindow   - GameScene -> FXGLDefaultMenu
13:12:21.358 [JavaFX Application Thread] DEBUG Menu                 - fireExit()
13:12:21.366 [JavaFX Application Thread] DEBUG PrimaryStageWindow   - Push state: DialogSubScene
13:12:21.367 [JavaFX Application Thread] DEBUG Input                - Clearing active input actions
13:12:21.368 [JavaFX Application Thread] DEBUG GameApplicationServi - Removing overlay from FXGLDefaultMenu and adding to DialogSubScene
13:12:21.372 [JavaFX Application Thread] DEBUG PrimaryStageWindow   - FXGLDefaultMenu -> DialogSubScene
13:12:22.461 [JavaFX Application Thread] DEBUG PrimaryStageWindow   - Pop state: DialogSubScene
13:12:22.461 [JavaFX Application Thread] DEBUG Input                - Clearing active input actions
13:12:22.463 [JavaFX Application Thread] DEBUG GameApplicationServi - Removing overlay from DialogSubScene and adding to FXGLDefaultMenu
13:12:22.466 [JavaFX Application Thread] DEBUG PrimaryStageWindow   - FXGLDefaultMenu <- DialogSubScene
13:12:22.466 [JavaFX Application Thread] DEBUG FXGLApplication      - Exiting FXGL
13:12:22.467 [JavaFX Application Thread] DEBUG LoopRunner           - Stopping loop
13:12:22.467 [JavaFX Application Thread] DEBUG SystemBundleService  - Saving FXGL system data
13:12:22.471 [JavaFX Application Thread] DEBUG FileSystemAccess     - Writing to: /home/sam/Desktop/Repos/spaceship/system/fxgl.bundle
13:12:22.476 [JavaFX Application Thread] DEBUG Async                - Shutting down background threads
13:12:22.476 [JavaFX Application Thread] DEBUG PrimaryStageWindow   - Closing main window
13:12:22.483 [JavaFX Application Thread] DEBUG Logger               - Closing Logger
