13:15:59.767 [main                     ] DEBUG Logger               - Configured Logger
13:15:59.869 [main                     ] DEBUG GameApplication      - Logging settings
Title: Spaceship
Version: 0.0
Width: 2400
Height: 1300
Fullscreen: true
Intro: false
Profiling: false
Single step:false
App Mode: DEVELOPER
Menu Key: ESCAPE
Stage Style: DECORATED
Scene Factory: class com.almasb.fxgl.app.scene.SceneFactory

13:16:00.876 [JavaFX Application Thread] DEBUG FXGLApplication      - Initializing FXGL
13:16:00.883 [JavaFX Application Thread] INFO  Engine               - FXGL-11.17 (16.07.2021 15.46) on LINUX (J:11.0.16.1 FX:16)
13:16:00.884 [JavaFX Application Thread] DEBUG Engine               - JRE Vendor Name: Oracle Corporation
13:16:00.884 [JavaFX Application Thread] DEBUG Engine               - Running on OS: Linux version 5.15.65-1-MANJARO
13:16:00.885 [JavaFX Application Thread] DEBUG Engine               - Architecture: amd64
13:16:00.886 [JavaFX Application Thread] INFO  Engine               - Source code and latest versions at: https://github.com/AlmasB/FXGL
13:16:00.887 [JavaFX Application Thread] INFO  Engine               -              Join the FXGL chat at: https://gitter.im/AlmasB/FXGL
13:16:01.145 [JavaFX Application Thread] DEBUG PrimaryStageWindow   - Creating a JavaFX scene
13:16:01.145 [JavaFX Application Thread] DEBUG PrimaryStageWindow   - Target size > screen size
13:16:01.422 [JavaFX Application Thread] DEBUG PrimaryStageWindow   - Target settings size: 2400.0 x 1300.0
13:16:01.423 [JavaFX Application Thread] DEBUG PrimaryStageWindow   - Scaled scene size:    1895.0 x 1040.0
13:16:01.424 [JavaFX Application Thread] DEBUG PrimaryStageWindow   - Scaled ratio: (0.7895833333333333, 0.8)
13:16:01.426 [JavaFX Application Thread] DEBUG PrimaryStageWindow   - Set initial scene to FXGLStartupScene
13:16:01.449 [JavaFX Application Thread] DEBUG PrimaryStageWindow   - Opening main window
13:16:01.587 [JavaFX Application Thread] DEBUG PrimaryStageWindow   - Window border size: (2.0, 29.0)
13:16:01.588 [JavaFX Application Thread] DEBUG PrimaryStageWindow   - Scaled size: 1895.0 x 1040.0
13:16:01.589 [JavaFX Application Thread] DEBUG PrimaryStageWindow   - Scaled ratio: (0.7895833333333333, 0.8)
13:16:01.589 [JavaFX Application Thread] DEBUG PrimaryStageWindow   - Scene size: 1895.0 x 1040.0
13:16:01.590 [JavaFX Application Thread] DEBUG PrimaryStageWindow   - Stage size: 1897.0 x 1069.0
13:16:01.597 [JavaFX Application Thread] DEBUG PrimaryStageWindow   - Going fullscreen
13:16:01.627 [FXGL Background Thread 1 ] DEBUG Engine               - Initializing environment variables
13:16:01.876 [FXGL Background Thread 1 ] DEBUG FXGLAssetLoaderServi - User app class for loading assets: class com.example.App
13:16:01.878 [FXGL Background Thread 1 ] DEBUG GameApplicationServi - Applying CSS: fxgl_dark.css
13:16:01.880 [FXGL Background Thread 1 ] DEBUG FXGLAssetLoaderServi - Loading from file system: jar:file:/home/sam/.m2/repository/com/github/almasb/fxgl/11.17/fxgl-11.17.jar!/fxglassets/ui/css/fxgl_dark.css
13:16:02.221 [FXGL Background Thread 1 ] DEBUG GameApplicationServi - Initializing application scenes
13:16:02.453 [FXGL Background Thread 1 ] DEBUG GameWorld            - Game world initialized
13:16:02.673 [FXGL Background Thread 1 ] DEBUG PhysicsWorld         - Physics world initialized: appHeight=1300, physics.ppm=50.0
13:16:02.676 [FXGL Background Thread 1 ] DEBUG PhysicsWorld         - Using strategy: BRUTE_FORCE
13:16:02.687 [FXGL Background Thread 1 ] DEBUG GameScene            - Game scene initialized: 2400x1300
13:16:02.688 [FXGL Background Thread 1 ] DEBUG GameApplicationServi - Application scenes initialized
13:16:02.749 [FXGL Background Thread 1 ] DEBUG SystemBundleService  - Loading FXGL system data
13:16:02.756 [FXGL Background Thread 1 ] DEBUG FileSystemAccess     - Reading from: /home/sam/Desktop/Repos/spaceship/system/fxgl.bundle
13:16:02.772 [FXGL Background Thread 1 ] DEBUG SystemBundleService  - Bundle FXGL: {}
13:16:02.773 [FXGL Background Thread 1 ] DEBUG UpdaterService       - Checking for updates
13:16:02.794 [FXGL Background Thread 1 ] DEBUG FXGLApplication      - Loading default localization
13:16:02.796 [FXGL Background Thread 1 ] DEBUG FXGLAssetLoaderServi - Loading from file system: jar:file:/home/sam/.m2/repository/com/github/almasb/fxgl/11.17/fxgl-11.17.jar!/fxglassets/languages/english.lang
13:16:02.802 [FXGL Background Thread 4 ] DEBUG FXGLApplication      - Loading fonts
13:16:02.804 [FXGL Background Thread 4 ] DEBUG FXGLAssetLoaderServi - Loading from file system: jar:file:/home/sam/.m2/repository/com/github/almasb/fxgl/11.17/fxgl-11.17.jar!/fxglassets/ui/fonts/VarelaRound-Regular.ttf
13:16:02.834 [FXGL Background Thread 1 ] INFO  FXGLApplication      - FXGL initialization took: 1.207 sec
13:16:02.858 [FXGL Background Thread 4 ] DEBUG FXGLAssetLoaderServi - Loading from file system: jar:file:/home/sam/.m2/repository/com/github/almasb/fxgl/11.17/fxgl-11.17.jar!/fxglassets/ui/fonts/Abel-Regular.ttf
13:16:02.874 [JavaFX Application Thread] DEBUG Input                - Registered new binding: action0 - W
13:16:02.876 [JavaFX Application Thread] DEBUG Input                - Registered new binding: action1 - S
13:16:02.880 [FXGL Background Thread 4 ] DEBUG FXGLAssetLoaderServi - Loading from file system: jar:file:/home/sam/.m2/repository/com/github/almasb/fxgl/11.17/fxgl-11.17.jar!/fxglassets/ui/fonts/lucida_console.ttf
13:16:02.885 [FXGL Background Thread 4 ] DEBUG FXGLAssetLoaderServi - Loading from file system: jar:file:/home/sam/.m2/repository/com/github/almasb/fxgl/11.17/fxgl-11.17.jar!/fxglassets/ui/fonts/Courier-Prime.ttf
13:16:02.888 [JavaFX Application Thread] DEBUG Input                - Registered new binding: action2 - A
13:16:02.889 [JavaFX Application Thread] DEBUG Input                - Registered new binding: action3 - D
13:16:02.891 [JavaFX Application Thread] DEBUG Input                - Registered new binding: action4 - 1
13:16:02.892 [JavaFX Application Thread] DEBUG Input                - Registered new binding: action5 - R
13:16:02.895 [JavaFX Application Thread] DEBUG Input                - Registered new binding: action6 - Up
13:16:02.897 [JavaFX Application Thread] DEBUG Input                - Registered new binding: action7 - Down
13:16:02.898 [JavaFX Application Thread] DEBUG Input                - Registered new binding: action8 - Left
13:16:02.899 [JavaFX Application Thread] DEBUG Input                - Registered new binding: action9 - Right
13:16:02.900 [JavaFX Application Thread] DEBUG Input                - Registered new binding: action10 - Slash
13:16:02.901 [JavaFX Application Thread] DEBUG Input                - Registered new binding: action11 - 0
13:16:02.903 [JavaFX Application Thread] DEBUG FXGLAssetLoaderServi - Loading from file system: jar:file:/home/sam/.m2/repository/com/github/almasb/fxgl/11.17/fxgl-11.17.jar!/fxglassets/textures/fxgl_icon.png
13:16:03.189 [JavaFX Application Thread] DEBUG FXGLAssetLoaderServi - Loading from file system: jar:file:/home/sam/.m2/repository/com/github/almasb/fxgl/11.17/fxgl-11.17.jar!/fxglassets/textures/fxgl_default_cursor.png
13:16:03.197 [JavaFX Application Thread] DEBUG Input                - Registered new binding: Screenshot - CTRL+8
13:16:03.199 [JavaFX Application Thread] DEBUG Input                - Registered new binding: System info dump - CTRL+9
13:16:03.200 [JavaFX Application Thread] DEBUG Input                - Registered new binding: Restart - CTRL+R
13:16:03.202 [JavaFX Application Thread] DEBUG Input                - Registered new binding: Toggle Debug Camera - CTRL+C
13:16:03.207 [JavaFX Application Thread] DEBUG LoopRunner           - Starting loop
13:16:03.208 [JavaFX Application Thread] DEBUG LoopRunner           - Initializing JavaFX AnimationTimerLoop
13:16:03.211 [JavaFX Application Thread] DEBUG GameApplicationServi - Starting new game
13:16:03.213 [JavaFX Application Thread] DEBUG Input                - Clearing active input actions
13:16:03.275 [JavaFX Application Thread] DEBUG GameApplicationServi - Removing overlay from FXGLStartupScene and adding to FXGLLoadingScene
13:16:03.277 [JavaFX Application Thread] DEBUG PrimaryStageWindow   - FXGLStartupScene -> FXGLLoadingScene
13:16:03.277 [JavaFX Application Thread] DEBUG GameApplicationServi - Clearing previous game
13:16:03.277 [JavaFX Application Thread] DEBUG GameScene            - Clearing game scene
13:16:03.282 [JavaFX Application Thread] DEBUG GameWorld            - Clearing game world
13:16:03.282 [JavaFX Application Thread] DEBUG PhysicsWorld         - Clearing physics world
13:16:03.298 [FXGL Background Thread 4 ] DEBUG FXGLApplication      - Initializing game
13:16:03.322 [FXGL Background Thread 4 ] DEBUG FXGLAssetLoaderServi - Loading from file system: file:/home/sam/Desktop/Repos/spaceship/target/classes/assets/textures/Spaceship.png
13:16:03.332 [JavaFX Application Thread] DEBUG FXGLApplication      - Registering font factories with UI factory
13:16:03.412 [FXGL Background Thread 4 ] DEBUG FXGLAssetLoaderServi - Loading from file system: file:/home/sam/Desktop/Repos/spaceship/target/classes/assets/textures/Spaceship2.png
13:16:03.427 [FXGL Background Thread 4 ] INFO  FXGLApplication      - Game initialization took: 0.128 sec
13:16:03.597 [JavaFX Application Thread] DEBUG Input                - Clearing active input actions
13:16:03.660 [JavaFX Application Thread] DEBUG GameApplicationServi - Removing overlay from FXGLLoadingScene and adding to GameScene
13:16:03.663 [JavaFX Application Thread] DEBUG PrimaryStageWindow   - FXGLLoadingScene -> GameScene
13:16:04.035 [FXGL Background Thread 2 ] INFO  UpdaterService       - Your current version:  11.17
13:16:04.036 [FXGL Background Thread 2 ] INFO  UpdaterService       - Latest stable version: 17.2
13:16:05.782 [FXGL Background Thread 3 ] DEBUG Engine               - Logging environment variables
13:16:05.783 [FXGL Background Thread 3 ] DEBUG Engine               - achievements: []
13:16:05.784 [FXGL Background Thread 3 ] DEBUG Engine               - actualHeight: 1069.0
13:16:05.784 [FXGL Background Thread 3 ] DEBUG Engine               - actualHeightProperty: ReadOnlyDoubleProperty [value: 1080.0]
13:16:05.784 [FXGL Background Thread 3 ] DEBUG Engine               - actualWidth: 1897.0
13:16:05.784 [FXGL Background Thread 3 ] DEBUG Engine               - actualWidthProperty: ReadOnlyDoubleProperty [value: 1920.0]
13:16:05.785 [FXGL Background Thread 3 ] DEBUG Engine               - appIcon: fxgl_icon.png
13:16:05.785 [FXGL Background Thread 3 ] DEBUG Engine               - applicationMode: DEVELOPER
13:16:05.785 [FXGL Background Thread 3 ] DEBUG Engine               - cSSList: [fxgl_dark.css]
13:16:05.788 [FXGL Background Thread 3 ] DEBUG Engine               - collisionDetectionStrategy: BRUTE_FORCE
13:16:05.789 [FXGL Background Thread 3 ] DEBUG Engine               - configClass: Optional.empty
13:16:05.789 [FXGL Background Thread 3 ] DEBUG Engine               - credits: []
13:16:05.790 [FXGL Background Thread 3 ] DEBUG Engine               - defaultCursor: CursorInfo(imageName=fxgl_default_cursor.png, hotspotX=7.0, hotspotY=6.0)
13:16:05.790 [FXGL Background Thread 3 ] DEBUG Engine               - devBBoxColorProperty: ObjectProperty [value: 0xff0000ff]
13:16:05.791 [FXGL Background Thread 3 ] DEBUG Engine               - devEnableDebugCameraProperty: BooleanProperty [value: false]
13:16:05.791 [FXGL Background Thread 3 ] DEBUG Engine               - devSensorColorProperty: ObjectProperty [value: 0xffff00ff]
13:16:05.791 [FXGL Background Thread 3 ] DEBUG Engine               - devShowBBoxProperty: BooleanProperty [value: false]
13:16:05.792 [FXGL Background Thread 3 ] DEBUG Engine               - devShowPositionProperty: BooleanProperty [value: false]
13:16:05.792 [FXGL Background Thread 3 ] DEBUG Engine               - enabledMenuItems: []
13:16:05.792 [FXGL Background Thread 3 ] DEBUG Engine               - engineServices: [class com.almasb.fxgl.app.services.FXGLAssetLoaderService, class com.almasb.fxgl.app.FXGLApplication$GameApplicationService, class com.almasb.fxgl.app.services.FXGLDialogService, class com.almasb.fxgl.app.services.IOTaskExecutorService, class com.almasb.fxgl.io.FileSystemService, class com.almasb.fxgl.localization.LocalizationService, class com.almasb.fxgl.app.services.SystemBundleService, class com.almasb.fxgl.profile.SaveLoadService, class com.almasb.fxgl.ui.FXGLUIFactoryServiceProvider, class com.almasb.fxgl.ui.FXGLDialogFactoryServiceProvider, class com.almasb.fxgl.audio.AudioPlayer, class com.almasb.fxgl.notification.impl.NotificationServiceProvider, class com.almasb.fxgl.achievement.AchievementService, class com.almasb.fxgl.cutscene.CutsceneService, class com.almasb.fxgl.minigames.MiniGameService, class com.almasb.fxgl.net.NetService, class com.almasb.fxgl.app.services.UpdaterService, class com.almasb.fxgl.dev.DevService]
13:16:05.792 [FXGL Background Thread 3 ] DEBUG Engine               - fontGame: Abel-Regular.ttf
13:16:05.793 [FXGL Background Thread 3 ] DEBUG Engine               - fontMono: lucida_console.ttf
13:16:05.793 [FXGL Background Thread 3 ] DEBUG Engine               - fontText: Courier-Prime.ttf
13:16:05.793 [FXGL Background Thread 3 ] DEBUG Engine               - fontUI: VarelaRound-Regular.ttf
13:16:05.797 [FXGL Background Thread 3 ] DEBUG Engine               - fullScreen: BooleanProperty [value: true]
13:16:05.801 [FXGL Background Thread 3 ] DEBUG Engine               - gameDifficulty: MEDIUM
13:16:05.802 [FXGL Background Thread 3 ] DEBUG Engine               - gameDifficultyProperty: ObjectProperty [value: MEDIUM]
13:16:05.802 [FXGL Background Thread 3 ] DEBUG Engine               - globalMusicVolume: 0.5
13:16:05.803 [FXGL Background Thread 3 ] DEBUG Engine               - globalMusicVolumeProperty: DoubleProperty [value: 0.5]
13:16:05.804 [FXGL Background Thread 3 ] DEBUG Engine               - globalSoundVolume: 0.5
13:16:05.807 [FXGL Background Thread 3 ] DEBUG Engine               - globalSoundVolumeProperty: DoubleProperty [value: 0.5]
13:16:05.808 [FXGL Background Thread 3 ] DEBUG Engine               - height: 1300
13:16:05.808 [FXGL Background Thread 3 ] DEBUG Engine               - is3D: false
13:16:05.808 [FXGL Background Thread 3 ] DEBUG Engine               - isAndroid: false
13:16:05.809 [FXGL Background Thread 3 ] DEBUG Engine               - isBrowser: false
13:16:05.809 [FXGL Background Thread 3 ] DEBUG Engine               - isClickFeedbackEnabled: false
13:16:05.809 [FXGL Background Thread 3 ] DEBUG Engine               - isCloseConfirmation: false
13:16:05.809 [FXGL Background Thread 3 ] DEBUG Engine               - isDesktop: true
13:16:05.809 [FXGL Background Thread 3 ] DEBUG Engine               - isDeveloperMenuEnabled: false
13:16:05.809 [FXGL Background Thread 3 ] DEBUG Engine               - isEntityPreloadEnabled: true
13:16:05.810 [FXGL Background Thread 3 ] DEBUG Engine               - isExperimentalTiledLargeMap: false
13:16:05.810 [FXGL Background Thread 3 ] DEBUG Engine               - isFileSystemWriteAllowed: true
13:16:05.810 [FXGL Background Thread 3 ] DEBUG Engine               - isFullScreenAllowed: true
13:16:05.813 [FXGL Background Thread 3 ] DEBUG Engine               - isFullScreenFromStart: true
13:16:05.814 [FXGL Background Thread 3 ] DEBUG Engine               - isGameMenuEnabled: false
13:16:05.814 [FXGL Background Thread 3 ] DEBUG Engine               - isIOS: false
13:16:05.815 [FXGL Background Thread 3 ] DEBUG Engine               - isIntroEnabled: false
13:16:05.815 [FXGL Background Thread 3 ] DEBUG Engine               - isLinux: true
13:16:05.815 [FXGL Background Thread 3 ] DEBUG Engine               - isMac: false
13:16:05.815 [FXGL Background Thread 3 ] DEBUG Engine               - isMainMenuEnabled: false
13:16:05.816 [FXGL Background Thread 3 ] DEBUG Engine               - isManualResizeEnabled: true
13:16:05.816 [FXGL Background Thread 3 ] DEBUG Engine               - isMobile: false
13:16:05.816 [FXGL Background Thread 3 ] DEBUG Engine               - isNative: false
13:16:05.816 [FXGL Background Thread 3 ] DEBUG Engine               - isPauseMusicWhenMinimized: true
13:16:05.816 [FXGL Background Thread 3 ] DEBUG Engine               - isPreserveResizeRatio: false
13:16:05.816 [FXGL Background Thread 3 ] DEBUG Engine               - isProfilingEnabled: false
13:16:05.817 [FXGL Background Thread 3 ] DEBUG Engine               - isScaleAffectedOnResize: true
13:16:05.817 [FXGL Background Thread 3 ] DEBUG Engine               - isSingleStep: false
13:16:05.817 [FXGL Background Thread 3 ] DEBUG Engine               - isUserProfileEnabled: false
13:16:05.817 [FXGL Background Thread 3 ] DEBUG Engine               - isWindows: false
13:16:05.828 [FXGL Background Thread 3 ] DEBUG Engine               - language: ObjectProperty [value: ENGLISH]
13:16:05.829 [FXGL Background Thread 3 ] DEBUG Engine               - menuKey: ESCAPE
13:16:05.830 [FXGL Background Thread 3 ] DEBUG Engine               - mouseSensitivity: 0.2
13:16:05.830 [FXGL Background Thread 3 ] DEBUG Engine               - notificationViewClass: class com.almasb.fxgl.notification.view.XboxNotificationView
13:16:05.830 [FXGL Background Thread 3 ] DEBUG Engine               - pixelsPerMeter: 50.0
13:16:05.830 [FXGL Background Thread 3 ] DEBUG Engine               - platform: LINUX
13:16:05.832 [FXGL Background Thread 3 ] DEBUG Engine               - prefHeightProperty: ReadOnlyDoubleProperty [value: 1300.0]
13:16:05.833 [FXGL Background Thread 3 ] DEBUG Engine               - prefWidthProperty: ReadOnlyDoubleProperty [value: 2400.0]
13:16:05.833 [FXGL Background Thread 3 ] DEBUG Engine               - profileDir: profiles/
13:16:05.834 [FXGL Background Thread 3 ] DEBUG Engine               - profileName: StringProperty [value: DEFAULT]
13:16:05.834 [FXGL Background Thread 3 ] DEBUG Engine               - randomSeed: -1
13:16:05.834 [FXGL Background Thread 3 ] DEBUG Engine               - runtimeInfo: RuntimeInfo(platform=LINUX, version=11.17, build=16.07.2021 15.46)
13:16:05.834 [FXGL Background Thread 3 ] DEBUG Engine               - saveFileExt: sav
13:16:05.835 [FXGL Background Thread 3 ] DEBUG Engine               - scaledHeightProp$fxgl: DoubleProperty [bound, value: 1080.0]
13:16:05.835 [FXGL Background Thread 3 ] DEBUG Engine               - scaledWidthProp$fxgl: DoubleProperty [bound, value: 1920.0]
13:16:05.835 [FXGL Background Thread 3 ] DEBUG Engine               - sceneFactory: com.almasb.fxgl.app.scene.SceneFactory@3e6aa0ec
13:16:05.835 [FXGL Background Thread 3 ] DEBUG Engine               - secondsIn24h: 60
13:16:05.835 [FXGL Background Thread 3 ] DEBUG Engine               - soundMenuBack: menu/back.wav
13:16:05.835 [FXGL Background Thread 3 ] DEBUG Engine               - soundMenuPress: menu/press.wav
13:16:05.836 [FXGL Background Thread 3 ] DEBUG Engine               - soundMenuSelect: menu/select.wav
13:16:05.836 [FXGL Background Thread 3 ] DEBUG Engine               - soundNotification: core/notification.wav
13:16:05.836 [FXGL Background Thread 3 ] DEBUG Engine               - stageStyle: DECORATED
13:16:05.836 [FXGL Background Thread 3 ] DEBUG Engine               - supportedLanguages: [ENGLISH, FRENCH, GERMAN, HUNGARIAN, RUSSIAN]
13:16:05.836 [FXGL Background Thread 3 ] DEBUG Engine               - ticksPerSecond: -1
13:16:05.837 [FXGL Background Thread 3 ] DEBUG Engine               - title: Spaceship
13:16:05.837 [FXGL Background Thread 3 ] DEBUG Engine               - urlGithub: https://github.com/AlmasB/FXGL
13:16:05.837 [FXGL Background Thread 3 ] DEBUG Engine               - urlLeaderboard: http://fxgl-top.herokuapp.com/
13:16:05.837 [FXGL Background Thread 3 ] DEBUG Engine               - urlPOM: https://raw.githubusercontent.com/AlmasB/FXGL/release/README.md
13:16:05.837 [FXGL Background Thread 3 ] DEBUG Engine               - userAppClass: class com.example.App
13:16:05.838 [FXGL Background Thread 3 ] DEBUG Engine               - version: 0.0
13:16:05.838 [FXGL Background Thread 3 ] DEBUG Engine               - versionCheckDays: 7
13:16:05.838 [FXGL Background Thread 3 ] DEBUG Engine               - width: 2400
13:16:05.838 [FXGL Background Thread 3 ] DEBUG Engine               - Logging services
13:16:05.843 [FXGL Background Thread 3 ] DEBUG Engine               - class com.almasb.fxgl.app.services.FXGLAssetLoaderService
13:16:05.844 [FXGL Background Thread 3 ] DEBUG Engine               - class com.almasb.fxgl.app.FXGLApplication$GameApplicationService
13:16:05.844 [FXGL Background Thread 3 ] DEBUG Engine               - class com.almasb.fxgl.app.services.FXGLDialogService
13:16:05.844 [FXGL Background Thread 3 ] DEBUG Engine               - class com.almasb.fxgl.app.services.IOTaskExecutorService
13:16:05.844 [FXGL Background Thread 3 ] DEBUG Engine               - class com.almasb.fxgl.io.FileSystemService
13:16:05.845 [FXGL Background Thread 3 ] DEBUG Engine               - class com.almasb.fxgl.localization.LocalizationService
13:16:05.845 [FXGL Background Thread 3 ] DEBUG Engine               - class com.almasb.fxgl.app.services.SystemBundleService
13:16:05.845 [FXGL Background Thread 3 ] DEBUG Engine               - class com.almasb.fxgl.profile.SaveLoadService
13:16:05.845 [FXGL Background Thread 3 ] DEBUG Engine               - class com.almasb.fxgl.ui.FXGLUIFactoryServiceProvider
13:16:05.845 [FXGL Background Thread 3 ] DEBUG Engine               - class com.almasb.fxgl.ui.FXGLDialogFactoryServiceProvider
13:16:05.845 [FXGL Background Thread 3 ] DEBUG Engine               - class com.almasb.fxgl.audio.AudioPlayer
13:16:05.845 [FXGL Background Thread 3 ] DEBUG Engine               - class com.almasb.fxgl.notification.impl.NotificationServiceProvider
13:16:05.846 [FXGL Background Thread 3 ] DEBUG Engine               - class com.almasb.fxgl.achievement.AchievementService
13:16:05.846 [FXGL Background Thread 3 ] DEBUG Engine               - class com.almasb.fxgl.cutscene.CutsceneService
13:16:05.846 [FXGL Background Thread 3 ] DEBUG Engine               - class com.almasb.fxgl.minigames.MiniGameService
13:16:05.846 [FXGL Background Thread 3 ] DEBUG Engine               - class com.almasb.fxgl.net.NetService
13:16:05.846 [FXGL Background Thread 3 ] DEBUG Engine               - class com.almasb.fxgl.app.services.UpdaterService
13:16:05.846 [FXGL Background Thread 3 ] DEBUG Engine               - class com.almasb.fxgl.dev.DevService
13:35:52.187 [JavaFX Application Thread] DEBUG FXGLApplication      - Exiting FXGL
13:35:52.188 [JavaFX Application Thread] DEBUG LoopRunner           - Stopping loop
13:35:52.188 [JavaFX Application Thread] DEBUG SystemBundleService  - Saving FXGL system data
13:35:52.190 [JavaFX Application Thread] DEBUG FileSystemAccess     - Writing to: /home/sam/Desktop/Repos/spaceship/system/fxgl.bundle
13:35:52.193 [JavaFX Application Thread] DEBUG Async                - Shutting down background threads
13:35:52.193 [JavaFX Application Thread] DEBUG PrimaryStageWindow   - Closing main window
13:35:52.196 [JavaFX Application Thread] DEBUG Logger               - Closing Logger
