12:49:58.092 [main                     ] DEBUG Logger               - Configured Logger
12:49:58.154 [main                     ] DEBUG GameApplication      - Logging settings
Title: Spaceship
Version: 0.0
Width: 2400
Height: 1300
Fullscreen: true
Intro: false
Profiling: false
Single step:false
App Mode: DEVELOPER
Menu Key: ESCAPE
Stage Style: DECORATED
Scene Factory: class com.almasb.fxgl.app.scene.SceneFactory

12:49:58.809 [JavaFX Application Thread] DEBUG FXGLApplication      - Initializing FXGL
12:49:58.815 [JavaFX Application Thread] INFO  Engine               - FXGL-11.17 (16.07.2021 15.46) on LINUX (J:11.0.16.1 FX:16)
12:49:58.816 [JavaFX Application Thread] DEBUG Engine               - JRE Vendor Name: Oracle Corporation
12:49:58.816 [JavaFX Application Thread] DEBUG Engine               - Running on OS: Linux version 5.15.65-1-MANJARO
12:49:58.817 [JavaFX Application Thread] DEBUG Engine               - Architecture: amd64
12:49:58.817 [JavaFX Application Thread] INFO  Engine               - Source code and latest versions at: https://github.com/AlmasB/FXGL
12:49:58.818 [JavaFX Application Thread] INFO  Engine               -              Join the FXGL chat at: https://gitter.im/AlmasB/FXGL
12:49:59.074 [JavaFX Application Thread] DEBUG PrimaryStageWindow   - Creating a JavaFX scene
12:49:59.075 [JavaFX Application Thread] DEBUG PrimaryStageWindow   - Target size > screen size
12:49:59.289 [JavaFX Application Thread] DEBUG PrimaryStageWindow   - Target settings size: 2400.0 x 1300.0
12:49:59.290 [JavaFX Application Thread] DEBUG PrimaryStageWindow   - Scaled scene size:    1895.0 x 1040.0
12:49:59.291 [JavaFX Application Thread] DEBUG PrimaryStageWindow   - Scaled ratio: (0.7895833333333333, 0.8)
12:49:59.293 [JavaFX Application Thread] DEBUG PrimaryStageWindow   - Set initial scene to FXGLStartupScene
12:49:59.310 [JavaFX Application Thread] DEBUG PrimaryStageWindow   - Opening main window
12:49:59.427 [JavaFX Application Thread] DEBUG PrimaryStageWindow   - Window border size: (2.0, 29.0)
12:49:59.428 [JavaFX Application Thread] DEBUG PrimaryStageWindow   - Scaled size: 1895.0 x 1040.0
12:49:59.428 [JavaFX Application Thread] DEBUG PrimaryStageWindow   - Scaled ratio: (0.7895833333333333, 0.8)
12:49:59.429 [JavaFX Application Thread] DEBUG PrimaryStageWindow   - Scene size: 1895.0 x 1040.0
12:49:59.429 [JavaFX Application Thread] DEBUG PrimaryStageWindow   - Stage size: 1897.0 x 1069.0
12:49:59.443 [FXGL Background Thread 1 ] DEBUG Engine               - Initializing environment variables
12:49:59.654 [FXGL Background Thread 1 ] DEBUG FXGLAssetLoaderServi - User app class for loading assets: class com.example.App
12:49:59.655 [FXGL Background Thread 1 ] DEBUG GameApplicationServi - Applying CSS: fxgl_dark.css
12:49:59.658 [FXGL Background Thread 1 ] DEBUG FXGLAssetLoaderServi - Loading from file system: jar:file:/home/sam/.m2/repository/com/github/almasb/fxgl/11.17/fxgl-11.17.jar!/fxglassets/ui/css/fxgl_dark.css
12:49:59.847 [FXGL Background Thread 1 ] DEBUG GameApplicationServi - Initializing application scenes
12:50:00.115 [FXGL Background Thread 1 ] DEBUG GameWorld            - Game world initialized
12:50:00.233 [FXGL Background Thread 1 ] DEBUG PhysicsWorld         - Physics world initialized: appHeight=1300, physics.ppm=50.0
12:50:00.234 [FXGL Background Thread 1 ] DEBUG PhysicsWorld         - Using strategy: BRUTE_FORCE
12:50:00.240 [FXGL Background Thread 1 ] DEBUG GameScene            - Game scene initialized: 2400x1300
12:50:00.273 [FXGL Background Thread 1 ] DEBUG FXGL.DefaultMenu     - createMenuBodyGameMenu()
12:50:00.319 [FXGL Background Thread 1 ] DEBUG FXGL.DefaultMenu     - createOptionsMenu()
12:50:00.347 [FXGL Background Thread 1 ] DEBUG FXGLAssetLoaderServi - Loading from file system: jar:file:/home/sam/.m2/repository/com/github/almasb/fxgl/11.17/fxgl-11.17.jar!/fxglassets/textures/particles/smoke.png
12:50:00.522 [FXGL Background Thread 1 ] DEBUG FXGLAssetLoaderServi - Loading from file system: jar:file:/home/sam/.m2/repository/com/github/almasb/fxgl/11.17/fxgl-11.17.jar!/fxglassets/textures/particles/trace_horizontal.png
12:50:00.562 [FXGL Background Thread 1 ] DEBUG GameApplicationServi - Application scenes initialized
12:50:00.586 [FXGL Background Thread 1 ] DEBUG SystemBundleService  - Loading FXGL system data
12:50:00.594 [FXGL Background Thread 1 ] DEBUG FileSystemAccess     - Reading from: /home/sam/Desktop/Repos/spaceship/system/fxgl.bundle
12:50:00.608 [FXGL Background Thread 1 ] DEBUG SystemBundleService  - Bundle FXGL: {}
12:50:00.609 [FXGL Background Thread 1 ] DEBUG UpdaterService       - Checking for updates
12:50:00.673 [FXGL Background Thread 1 ] DEBUG FXGLApplication      - Loading default localization
12:50:00.675 [FXGL Background Thread 1 ] DEBUG FXGLAssetLoaderServi - Loading from file system: jar:file:/home/sam/.m2/repository/com/github/almasb/fxgl/11.17/fxgl-11.17.jar!/fxglassets/languages/english.lang
12:50:00.671 [FXGL Background Thread 4 ] DEBUG FXGLApplication      - Loading fonts
12:50:00.685 [FXGL Background Thread 4 ] DEBUG FXGLAssetLoaderServi - Loading from file system: jar:file:/home/sam/.m2/repository/com/github/almasb/fxgl/11.17/fxgl-11.17.jar!/fxglassets/ui/fonts/VarelaRound-Regular.ttf
12:50:00.718 [FXGL Background Thread 1 ] INFO  FXGLApplication      - FXGL initialization took: 1.276 sec
12:50:00.714 [FXGL Background Thread 4 ] DEBUG FXGLAssetLoaderServi - Loading from file system: jar:file:/home/sam/.m2/repository/com/github/almasb/fxgl/11.17/fxgl-11.17.jar!/fxglassets/ui/fonts/Abel-Regular.ttf
12:50:00.743 [FXGL Background Thread 4 ] DEBUG FXGLAssetLoaderServi - Loading from file system: jar:file:/home/sam/.m2/repository/com/github/almasb/fxgl/11.17/fxgl-11.17.jar!/fxglassets/ui/fonts/lucida_console.ttf
12:50:00.770 [FXGL Background Thread 4 ] DEBUG FXGLAssetLoaderServi - Loading from file system: jar:file:/home/sam/.m2/repository/com/github/almasb/fxgl/11.17/fxgl-11.17.jar!/fxglassets/ui/fonts/Courier-Prime.ttf
12:50:00.790 [JavaFX Application Thread] DEBUG Input                - Registered new binding: action0 - W
12:50:00.801 [JavaFX Application Thread] DEBUG Input                - Registered new binding: action1 - S
12:50:00.804 [JavaFX Application Thread] DEBUG Input                - Registered new binding: action2 - A
12:50:00.806 [JavaFX Application Thread] DEBUG Input                - Registered new binding: action3 - D
12:50:00.809 [JavaFX Application Thread] DEBUG Input                - Registered new binding: action4 - Space
12:50:00.812 [JavaFX Application Thread] DEBUG Input                - Registered new binding: action5 - R
12:50:00.817 [JavaFX Application Thread] DEBUG Input                - Registered new binding: action6 - Up
12:50:00.819 [JavaFX Application Thread] DEBUG Input                - Registered new binding: action7 - Down
12:50:00.822 [JavaFX Application Thread] DEBUG Input                - Registered new binding: action8 - Left
12:50:00.824 [JavaFX Application Thread] DEBUG Input                - Registered new binding: action9 - Right
12:50:00.825 [JavaFX Application Thread] DEBUG Input                - Registered new binding: action10 - Slash
12:50:00.827 [JavaFX Application Thread] DEBUG Input                - Registered new binding: action11 - 0
12:50:00.828 [JavaFX Application Thread] DEBUG FXGLAssetLoaderServi - Loading from file system: jar:file:/home/sam/.m2/repository/com/github/almasb/fxgl/11.17/fxgl-11.17.jar!/fxglassets/textures/fxgl_icon.png
12:50:00.927 [JavaFX Application Thread] DEBUG FXGLAssetLoaderServi - Loading from file system: jar:file:/home/sam/.m2/repository/com/github/almasb/fxgl/11.17/fxgl-11.17.jar!/fxglassets/textures/fxgl_default_cursor.png
12:50:00.932 [JavaFX Application Thread] DEBUG Input                - Registered new binding: Screenshot - CTRL+8
12:50:00.934 [JavaFX Application Thread] DEBUG Input                - Registered new binding: Dev Options - 1
12:50:00.935 [JavaFX Application Thread] DEBUG Input                - Registered new binding: Dev Console - 2
12:50:00.936 [JavaFX Application Thread] DEBUG Input                - Registered new binding: System info dump - CTRL+9
12:50:00.937 [JavaFX Application Thread] DEBUG Input                - Registered new binding: Restart - CTRL+R
12:50:00.939 [JavaFX Application Thread] DEBUG Input                - Registered new binding: Toggle Debug Camera - CTRL+C
12:50:00.945 [JavaFX Application Thread] DEBUG LoopRunner           - Starting loop
12:50:00.979 [JavaFX Application Thread] DEBUG LoopRunner           - Initializing JavaFX AnimationTimerLoop
12:50:00.989 [JavaFX Application Thread] DEBUG GameApplicationServi - Starting new game
12:50:00.991 [JavaFX Application Thread] DEBUG Input                - Clearing active input actions
12:50:01.020 [JavaFX Application Thread] DEBUG GameApplicationServi - Removing overlay from FXGLStartupScene and adding to FXGLLoadingScene
12:50:01.029 [JavaFX Application Thread] DEBUG PrimaryStageWindow   - FXGLStartupScene -> FXGLLoadingScene
12:50:01.029 [JavaFX Application Thread] DEBUG GameApplicationServi - Clearing previous game
12:50:01.030 [JavaFX Application Thread] DEBUG GameScene            - Clearing game scene
12:50:01.030 [JavaFX Application Thread] DEBUG GameWorld            - Clearing game world
12:50:01.030 [JavaFX Application Thread] DEBUG PhysicsWorld         - Clearing physics world
12:50:01.033 [FXGL Background Thread 4 ] DEBUG FXGLApplication      - Initializing game
12:50:01.034 [JavaFX Application Thread] DEBUG FXGLApplication      - Registering font factories with UI factory
12:50:01.042 [FXGL Background Thread 4 ] DEBUG FXGLAssetLoaderServi - Loading from file system: file:/home/sam/Desktop/Repos/spaceship/target/classes/assets/textures/Spaceship.png
12:50:01.141 [FXGL Background Thread 4 ] DEBUG FXGLAssetLoaderServi - Loading from file system: file:/home/sam/Desktop/Repos/spaceship/target/classes/assets/textures/Spaceship2.png
12:50:01.174 [FXGL Background Thread 4 ] INFO  FXGLApplication      - Game initialization took: 0.141 sec
12:50:01.882 [JavaFX Application Thread] DEBUG Input                - Clearing active input actions
12:50:01.880 [FXGL Background Thread 2 ] INFO  UpdaterService       - Your current version:  11.17
12:50:01.888 [FXGL Background Thread 2 ] INFO  UpdaterService       - Latest stable version: 17.2
12:50:01.915 [JavaFX Application Thread] DEBUG GameApplicationServi - Removing overlay from FXGLLoadingScene and adding to GameScene
12:50:01.938 [JavaFX Application Thread] DEBUG PrimaryStageWindow   - FXGLLoadingScene -> GameScene
12:50:03.665 [FXGL Background Thread 3 ] DEBUG Engine               - Logging environment variables
12:50:03.668 [FXGL Background Thread 3 ] DEBUG Engine               - achievements: []
12:50:03.671 [FXGL Background Thread 3 ] DEBUG Engine               - actualHeight: -28.0
12:50:03.673 [FXGL Background Thread 3 ] DEBUG Engine               - actualHeightProperty: ReadOnlyDoubleProperty [value: 1007.0]
12:50:03.675 [FXGL Background Thread 3 ] DEBUG Engine               - actualWidth: -1.0
12:50:03.676 [FXGL Background Thread 3 ] DEBUG Engine               - actualWidthProperty: ReadOnlyDoubleProperty [value: 1893.0]
12:50:03.679 [FXGL Background Thread 3 ] DEBUG Engine               - appIcon: fxgl_icon.png
12:50:03.680 [FXGL Background Thread 3 ] DEBUG Engine               - applicationMode: DEVELOPER
12:50:03.680 [FXGL Background Thread 3 ] DEBUG Engine               - cSSList: [fxgl_dark.css]
12:50:03.680 [FXGL Background Thread 3 ] DEBUG Engine               - collisionDetectionStrategy: BRUTE_FORCE
12:50:03.680 [FXGL Background Thread 3 ] DEBUG Engine               - configClass: Optional.empty
12:50:03.681 [FXGL Background Thread 3 ] DEBUG Engine               - credits: []
12:50:03.681 [FXGL Background Thread 3 ] DEBUG Engine               - defaultCursor: CursorInfo(imageName=fxgl_default_cursor.png, hotspotX=7.0, hotspotY=6.0)
12:50:03.682 [FXGL Background Thread 3 ] DEBUG Engine               - devBBoxColorProperty: ObjectProperty [value: 0xff0000ff]
12:50:03.682 [FXGL Background Thread 3 ] DEBUG Engine               - devEnableDebugCameraProperty: BooleanProperty [value: false]
12:50:03.683 [FXGL Background Thread 3 ] DEBUG Engine               - devSensorColorProperty: ObjectProperty [value: 0xffff00ff]
12:50:03.683 [FXGL Background Thread 3 ] DEBUG Engine               - devShowBBoxProperty: BooleanProperty [value: false]
12:50:03.683 [FXGL Background Thread 3 ] DEBUG Engine               - devShowPositionProperty: BooleanProperty [value: false]
12:50:03.683 [FXGL Background Thread 3 ] DEBUG Engine               - enabledMenuItems: []
12:50:03.684 [FXGL Background Thread 3 ] DEBUG Engine               - engineServices: [class com.almasb.fxgl.app.services.FXGLAssetLoaderService, class com.almasb.fxgl.app.FXGLApplication$GameApplicationService, class com.almasb.fxgl.app.services.FXGLDialogService, class com.almasb.fxgl.app.services.IOTaskExecutorService, class com.almasb.fxgl.io.FileSystemService, class com.almasb.fxgl.localization.LocalizationService, class com.almasb.fxgl.app.services.SystemBundleService, class com.almasb.fxgl.profile.SaveLoadService, class com.almasb.fxgl.ui.FXGLUIFactoryServiceProvider, class com.almasb.fxgl.ui.FXGLDialogFactoryServiceProvider, class com.almasb.fxgl.audio.AudioPlayer, class com.almasb.fxgl.notification.impl.NotificationServiceProvider, class com.almasb.fxgl.achievement.AchievementService, class com.almasb.fxgl.cutscene.CutsceneService, class com.almasb.fxgl.minigames.MiniGameService, class com.almasb.fxgl.net.NetService, class com.almasb.fxgl.app.services.UpdaterService, class com.almasb.fxgl.dev.DevService]
12:50:03.684 [FXGL Background Thread 3 ] DEBUG Engine               - fontGame: Abel-Regular.ttf
12:50:03.684 [FXGL Background Thread 3 ] DEBUG Engine               - fontMono: lucida_console.ttf
12:50:03.684 [FXGL Background Thread 3 ] DEBUG Engine               - fontText: Courier-Prime.ttf
12:50:03.684 [FXGL Background Thread 3 ] DEBUG Engine               - fontUI: VarelaRound-Regular.ttf
12:50:03.684 [FXGL Background Thread 3 ] DEBUG Engine               - fullScreen: BooleanProperty [value: false]
12:50:03.685 [FXGL Background Thread 3 ] DEBUG Engine               - gameDifficulty: MEDIUM
12:50:03.685 [FXGL Background Thread 3 ] DEBUG Engine               - gameDifficultyProperty: ObjectProperty [value: MEDIUM]
12:50:03.686 [FXGL Background Thread 3 ] DEBUG Engine               - globalMusicVolume: 0.5
12:50:03.686 [FXGL Background Thread 3 ] DEBUG Engine               - globalMusicVolumeProperty: DoubleProperty [value: 0.5]
12:50:03.687 [FXGL Background Thread 3 ] DEBUG Engine               - globalSoundVolume: 0.5
12:50:03.688 [FXGL Background Thread 3 ] DEBUG Engine               - globalSoundVolumeProperty: DoubleProperty [value: 0.5]
12:50:03.699 [FXGL Background Thread 3 ] DEBUG Engine               - height: 1300
12:50:03.699 [FXGL Background Thread 3 ] DEBUG Engine               - is3D: false
12:50:03.699 [FXGL Background Thread 3 ] DEBUG Engine               - isAndroid: false
12:50:03.699 [FXGL Background Thread 3 ] DEBUG Engine               - isBrowser: false
12:50:03.700 [FXGL Background Thread 3 ] DEBUG Engine               - isClickFeedbackEnabled: false
12:50:03.700 [FXGL Background Thread 3 ] DEBUG Engine               - isCloseConfirmation: false
12:50:03.700 [FXGL Background Thread 3 ] DEBUG Engine               - isDesktop: true
12:50:03.700 [FXGL Background Thread 3 ] DEBUG Engine               - isDeveloperMenuEnabled: true
12:50:03.700 [FXGL Background Thread 3 ] DEBUG Engine               - isEntityPreloadEnabled: true
12:50:03.701 [FXGL Background Thread 3 ] DEBUG Engine               - isExperimentalTiledLargeMap: false
12:50:03.702 [FXGL Background Thread 3 ] DEBUG Engine               - isFileSystemWriteAllowed: true
12:50:03.703 [FXGL Background Thread 3 ] DEBUG Engine               - isFullScreenAllowed: true
12:50:03.703 [FXGL Background Thread 3 ] DEBUG Engine               - isFullScreenFromStart: false
12:50:03.703 [FXGL Background Thread 3 ] DEBUG Engine               - isGameMenuEnabled: true
12:50:03.704 [FXGL Background Thread 3 ] DEBUG Engine               - isIOS: false
12:50:03.704 [FXGL Background Thread 3 ] DEBUG Engine               - isIntroEnabled: false
12:50:03.704 [FXGL Background Thread 3 ] DEBUG Engine               - isLinux: true
12:50:03.704 [FXGL Background Thread 3 ] DEBUG Engine               - isMac: false
12:50:03.704 [FXGL Background Thread 3 ] DEBUG Engine               - isMainMenuEnabled: false
12:50:03.705 [FXGL Background Thread 3 ] DEBUG Engine               - isManualResizeEnabled: true
12:50:03.705 [FXGL Background Thread 3 ] DEBUG Engine               - isMobile: false
12:50:03.705 [FXGL Background Thread 3 ] DEBUG Engine               - isNative: false
12:50:03.705 [FXGL Background Thread 3 ] DEBUG Engine               - isPauseMusicWhenMinimized: true
12:50:03.705 [FXGL Background Thread 3 ] DEBUG Engine               - isPreserveResizeRatio: false
12:50:03.706 [FXGL Background Thread 3 ] DEBUG Engine               - isProfilingEnabled: false
12:50:03.706 [FXGL Background Thread 3 ] DEBUG Engine               - isScaleAffectedOnResize: true
12:50:03.706 [FXGL Background Thread 3 ] DEBUG Engine               - isSingleStep: false
12:50:03.706 [FXGL Background Thread 3 ] DEBUG Engine               - isUserProfileEnabled: false
12:50:03.706 [FXGL Background Thread 3 ] DEBUG Engine               - isWindows: false
12:50:03.706 [FXGL Background Thread 3 ] DEBUG Engine               - language: ObjectProperty [value: ENGLISH]
12:50:03.707 [FXGL Background Thread 3 ] DEBUG Engine               - menuKey: ESCAPE
12:50:03.707 [FXGL Background Thread 3 ] DEBUG Engine               - mouseSensitivity: 0.2
12:50:03.707 [FXGL Background Thread 3 ] DEBUG Engine               - notificationViewClass: class com.almasb.fxgl.notification.view.XboxNotificationView
12:50:03.707 [FXGL Background Thread 3 ] DEBUG Engine               - pixelsPerMeter: 50.0
12:50:03.707 [FXGL Background Thread 3 ] DEBUG Engine               - platform: LINUX
12:50:03.708 [FXGL Background Thread 3 ] DEBUG Engine               - prefHeightProperty: ReadOnlyDoubleProperty [value: 1300.0]
12:50:03.708 [FXGL Background Thread 3 ] DEBUG Engine               - prefWidthProperty: ReadOnlyDoubleProperty [value: 2400.0]
12:50:03.708 [FXGL Background Thread 3 ] DEBUG Engine               - profileDir: profiles/
12:50:03.708 [FXGL Background Thread 3 ] DEBUG Engine               - profileName: StringProperty [value: DEFAULT]
12:50:03.708 [FXGL Background Thread 3 ] DEBUG Engine               - randomSeed: -1
12:50:03.709 [FXGL Background Thread 3 ] DEBUG Engine               - runtimeInfo: RuntimeInfo(platform=LINUX, version=11.17, build=16.07.2021 15.46)
12:50:03.709 [FXGL Background Thread 3 ] DEBUG Engine               - saveFileExt: sav
12:50:03.709 [FXGL Background Thread 3 ] DEBUG Engine               - scaledHeightProp$fxgl: DoubleProperty [bound, value: 1007.0]
12:50:03.709 [FXGL Background Thread 3 ] DEBUG Engine               - scaledWidthProp$fxgl: DoubleProperty [bound, value: 1893.0]
12:50:03.709 [FXGL Background Thread 3 ] DEBUG Engine               - sceneFactory: com.almasb.fxgl.app.scene.SceneFactory@5e697252
12:50:03.710 [FXGL Background Thread 3 ] DEBUG Engine               - secondsIn24h: 60
12:50:03.710 [FXGL Background Thread 3 ] DEBUG Engine               - soundMenuBack: menu/back.wav
12:50:03.710 [FXGL Background Thread 3 ] DEBUG Engine               - soundMenuPress: menu/press.wav
12:50:03.710 [FXGL Background Thread 3 ] DEBUG Engine               - soundMenuSelect: menu/select.wav
12:50:03.710 [FXGL Background Thread 3 ] DEBUG Engine               - soundNotification: core/notification.wav
12:50:03.710 [FXGL Background Thread 3 ] DEBUG Engine               - stageStyle: DECORATED
12:50:03.711 [FXGL Background Thread 3 ] DEBUG Engine               - supportedLanguages: [ENGLISH, FRENCH, GERMAN, HUNGARIAN, RUSSIAN]
12:50:03.711 [FXGL Background Thread 3 ] DEBUG Engine               - ticksPerSecond: -1
12:50:03.711 [FXGL Background Thread 3 ] DEBUG Engine               - title: Spaceship
12:50:03.711 [FXGL Background Thread 3 ] DEBUG Engine               - urlGithub: https://github.com/AlmasB/FXGL
12:50:03.712 [FXGL Background Thread 3 ] DEBUG Engine               - urlLeaderboard: http://fxgl-top.herokuapp.com/
12:50:03.712 [FXGL Background Thread 3 ] DEBUG Engine               - urlPOM: https://raw.githubusercontent.com/AlmasB/FXGL/release/README.md
12:50:03.712 [FXGL Background Thread 3 ] DEBUG Engine               - userAppClass: class com.example.App
12:50:03.712 [FXGL Background Thread 3 ] DEBUG Engine               - version: 0.0
12:50:03.712 [FXGL Background Thread 3 ] DEBUG Engine               - versionCheckDays: 7
12:50:03.712 [FXGL Background Thread 3 ] DEBUG Engine               - width: 2400
12:50:03.713 [FXGL Background Thread 3 ] DEBUG Engine               - Logging services
12:50:03.713 [FXGL Background Thread 3 ] DEBUG Engine               - class com.almasb.fxgl.app.services.FXGLAssetLoaderService
12:50:03.713 [FXGL Background Thread 3 ] DEBUG Engine               - class com.almasb.fxgl.app.FXGLApplication$GameApplicationService
12:50:03.713 [FXGL Background Thread 3 ] DEBUG Engine               - class com.almasb.fxgl.app.services.FXGLDialogService
12:50:03.713 [FXGL Background Thread 3 ] DEBUG Engine               - class com.almasb.fxgl.app.services.IOTaskExecutorService
12:50:03.713 [FXGL Background Thread 3 ] DEBUG Engine               - class com.almasb.fxgl.io.FileSystemService
12:50:03.714 [FXGL Background Thread 3 ] DEBUG Engine               - class com.almasb.fxgl.localization.LocalizationService
12:50:03.714 [FXGL Background Thread 3 ] DEBUG Engine               - class com.almasb.fxgl.app.services.SystemBundleService
12:50:03.714 [FXGL Background Thread 3 ] DEBUG Engine               - class com.almasb.fxgl.profile.SaveLoadService
12:50:03.714 [FXGL Background Thread 3 ] DEBUG Engine               - class com.almasb.fxgl.ui.FXGLUIFactoryServiceProvider
12:50:03.714 [FXGL Background Thread 3 ] DEBUG Engine               - class com.almasb.fxgl.ui.FXGLDialogFactoryServiceProvider
12:50:03.714 [FXGL Background Thread 3 ] DEBUG Engine               - class com.almasb.fxgl.audio.AudioPlayer
12:50:03.715 [FXGL Background Thread 3 ] DEBUG Engine               - class com.almasb.fxgl.notification.impl.NotificationServiceProvider
12:50:03.715 [FXGL Background Thread 3 ] DEBUG Engine               - class com.almasb.fxgl.achievement.AchievementService
12:50:03.715 [FXGL Background Thread 3 ] DEBUG Engine               - class com.almasb.fxgl.cutscene.CutsceneService
12:50:03.715 [FXGL Background Thread 3 ] DEBUG Engine               - class com.almasb.fxgl.minigames.MiniGameService
12:50:03.715 [FXGL Background Thread 3 ] DEBUG Engine               - class com.almasb.fxgl.net.NetService
12:50:03.715 [FXGL Background Thread 3 ] DEBUG Engine               - class com.almasb.fxgl.app.services.UpdaterService
12:50:03.716 [FXGL Background Thread 3 ] DEBUG Engine               - class com.almasb.fxgl.dev.DevService
12:50:09.972 [JavaFX Application Thread] DEBUG PrimaryStageWindow   - Push state: FXGLDefaultMenu
12:50:09.982 [JavaFX Application Thread] DEBUG Input                - Clearing active input actions
12:50:09.988 [JavaFX Application Thread] DEBUG GameApplicationServi - Removing overlay from GameScene and adding to FXGLDefaultMenu
12:50:09.998 [JavaFX Application Thread] DEBUG PrimaryStageWindow   - GameScene -> FXGLDefaultMenu
12:50:13.713 [JavaFX Application Thread] DEBUG FXGL.DefaultMenu     - createContentVideo()
12:50:36.669 [JavaFX Application Thread] DEBUG PrimaryStageWindow   - Pop state: FXGLDefaultMenu
12:50:36.669 [JavaFX Application Thread] DEBUG Input                - Clearing active input actions
12:50:36.672 [JavaFX Application Thread] DEBUG GameApplicationServi - Removing overlay from FXGLDefaultMenu and adding to GameScene
12:50:36.675 [JavaFX Application Thread] DEBUG PrimaryStageWindow   - GameScene <- FXGLDefaultMenu
12:50:46.041 [JavaFX Application Thread] DEBUG PrimaryStageWindow   - Push state: FXGLDefaultMenu
12:50:46.042 [JavaFX Application Thread] DEBUG Input                - Clearing active input actions
12:50:46.044 [JavaFX Application Thread] DEBUG GameApplicationServi - Removing overlay from GameScene and adding to FXGLDefaultMenu
12:50:46.046 [JavaFX Application Thread] DEBUG PrimaryStageWindow   - GameScene -> FXGLDefaultMenu
12:50:47.281 [JavaFX Application Thread] DEBUG Menu                 - fireExit()
12:50:47.285 [JavaFX Application Thread] DEBUG PrimaryStageWindow   - Push state: DialogSubScene
12:50:47.285 [JavaFX Application Thread] DEBUG Input                - Clearing active input actions
12:50:47.286 [JavaFX Application Thread] DEBUG GameApplicationServi - Removing overlay from FXGLDefaultMenu and adding to DialogSubScene
12:50:47.289 [JavaFX Application Thread] DEBUG PrimaryStageWindow   - FXGLDefaultMenu -> DialogSubScene
12:50:49.019 [JavaFX Application Thread] DEBUG PrimaryStageWindow   - Pop state: DialogSubScene
12:50:49.019 [JavaFX Application Thread] DEBUG Input                - Clearing active input actions
12:50:49.021 [JavaFX Application Thread] DEBUG GameApplicationServi - Removing overlay from DialogSubScene and adding to FXGLDefaultMenu
12:50:49.022 [JavaFX Application Thread] DEBUG PrimaryStageWindow   - FXGLDefaultMenu <- DialogSubScene
12:50:49.023 [JavaFX Application Thread] DEBUG FXGLApplication      - Exiting FXGL
12:50:49.023 [JavaFX Application Thread] DEBUG LoopRunner           - Stopping loop
12:50:49.023 [JavaFX Application Thread] DEBUG SystemBundleService  - Saving FXGL system data
12:50:49.027 [JavaFX Application Thread] DEBUG FileSystemAccess     - Writing to: /home/sam/Desktop/Repos/spaceship/system/fxgl.bundle
12:50:49.032 [JavaFX Application Thread] DEBUG Async                - Shutting down background threads
12:50:49.033 [JavaFX Application Thread] DEBUG PrimaryStageWindow   - Closing main window
12:50:49.038 [JavaFX Application Thread] DEBUG Logger               - Closing Logger
