12:48:04.832 [main                     ] DEBUG Logger               - Configured Logger
12:48:04.902 [main                     ] DEBUG GameApplication      - Logging settings
Title: Spaceship
Version: 0.0
Width: 2400
Height: 1300
Fullscreen: false
Intro: false
Profiling: false
Single step:false
App Mode: DEVELOPER
Menu Key: ESCAPE
Stage Style: DECORATED
Scene Factory: class com.almasb.fxgl.app.scene.SceneFactory

12:48:05.601 [JavaFX Application Thread] DEBUG FXGLApplication      - Initializing FXGL
12:48:05.607 [JavaFX Application Thread] INFO  Engine               - FXGL-11.17 (16.07.2021 15.46) on LINUX (J:11.0.16.1 FX:16)
12:48:05.607 [JavaFX Application Thread] DEBUG Engine               - JRE Vendor Name: Oracle Corporation
12:48:05.608 [JavaFX Application Thread] DEBUG Engine               - Running on OS: Linux version 5.15.65-1-MANJARO
12:48:05.608 [JavaFX Application Thread] DEBUG Engine               - Architecture: amd64
12:48:05.609 [JavaFX Application Thread] INFO  Engine               - Source code and latest versions at: https://github.com/AlmasB/FXGL
12:48:05.609 [JavaFX Application Thread] INFO  Engine               -              Join the FXGL chat at: https://gitter.im/AlmasB/FXGL
12:48:05.865 [JavaFX Application Thread] DEBUG PrimaryStageWindow   - Creating a JavaFX scene
12:48:05.865 [JavaFX Application Thread] DEBUG PrimaryStageWindow   - Target size > screen size
12:48:06.066 [JavaFX Application Thread] DEBUG PrimaryStageWindow   - Target settings size: 2400.0 x 1300.0
12:48:06.066 [JavaFX Application Thread] DEBUG PrimaryStageWindow   - Scaled scene size:    1887.0 x 1035.0
12:48:06.067 [JavaFX Application Thread] DEBUG PrimaryStageWindow   - Scaled ratio: (0.78625, 0.7961538461538461)
12:48:06.069 [JavaFX Application Thread] DEBUG PrimaryStageWindow   - Set initial scene to FXGLStartupScene
12:48:06.086 [JavaFX Application Thread] DEBUG PrimaryStageWindow   - Opening main window
12:48:06.185 [JavaFX Application Thread] DEBUG PrimaryStageWindow   - Window border size: (2.0, 29.0)
12:48:06.186 [JavaFX Application Thread] DEBUG PrimaryStageWindow   - Scaled size: 1887.0 x 1035.0
12:48:06.186 [JavaFX Application Thread] DEBUG PrimaryStageWindow   - Scaled ratio: (0.78625, 0.7961538461538461)
12:48:06.187 [JavaFX Application Thread] DEBUG PrimaryStageWindow   - Scene size: 1887.0 x 1035.0
12:48:06.187 [JavaFX Application Thread] DEBUG PrimaryStageWindow   - Stage size: 1889.0 x 1064.0
12:48:06.200 [FXGL Background Thread 1 ] DEBUG Engine               - Initializing environment variables
12:48:06.414 [FXGL Background Thread 1 ] DEBUG FXGLAssetLoaderServi - User app class for loading assets: class com.example.App
12:48:06.415 [FXGL Background Thread 1 ] DEBUG GameApplicationServi - Applying CSS: fxgl_dark.css
12:48:06.432 [FXGL Background Thread 1 ] DEBUG FXGLAssetLoaderServi - Loading from file system: jar:file:/home/sam/.m2/repository/com/github/almasb/fxgl/11.17/fxgl-11.17.jar!/fxglassets/ui/css/fxgl_dark.css
12:48:06.620 [FXGL Background Thread 1 ] DEBUG GameApplicationServi - Initializing application scenes
12:48:06.777 [FXGL Background Thread 1 ] DEBUG GameWorld            - Game world initialized
12:48:06.921 [FXGL Background Thread 1 ] DEBUG PhysicsWorld         - Physics world initialized: appHeight=1300, physics.ppm=50.0
12:48:06.923 [FXGL Background Thread 1 ] DEBUG PhysicsWorld         - Using strategy: BRUTE_FORCE
12:48:06.929 [FXGL Background Thread 1 ] DEBUG GameScene            - Game scene initialized: 2400x1300
12:48:06.967 [FXGL Background Thread 1 ] DEBUG FXGL.DefaultMenu     - createMenuBodyGameMenu()
12:48:07.025 [FXGL Background Thread 1 ] DEBUG FXGL.DefaultMenu     - createOptionsMenu()
12:48:07.056 [FXGL Background Thread 1 ] DEBUG FXGLAssetLoaderServi - Loading from file system: jar:file:/home/sam/.m2/repository/com/github/almasb/fxgl/11.17/fxgl-11.17.jar!/fxglassets/textures/particles/smoke.png
12:48:07.270 [FXGL Background Thread 1 ] DEBUG FXGLAssetLoaderServi - Loading from file system: jar:file:/home/sam/.m2/repository/com/github/almasb/fxgl/11.17/fxgl-11.17.jar!/fxglassets/textures/particles/trace_horizontal.png
12:48:07.330 [FXGL Background Thread 1 ] DEBUG GameApplicationServi - Application scenes initialized
12:48:07.357 [FXGL Background Thread 1 ] DEBUG SystemBundleService  - Loading FXGL system data
12:48:07.367 [FXGL Background Thread 1 ] DEBUG FileSystemAccess     - Reading from: /home/sam/Desktop/Repos/spaceship/system/fxgl.bundle
12:48:07.383 [FXGL Background Thread 1 ] DEBUG SystemBundleService  - Bundle FXGL: {}
12:48:07.383 [FXGL Background Thread 1 ] DEBUG UpdaterService       - Checking for updates
12:48:07.475 [FXGL Background Thread 1 ] DEBUG FXGLApplication      - Loading default localization
12:48:07.477 [FXGL Background Thread 1 ] DEBUG FXGLAssetLoaderServi - Loading from file system: jar:file:/home/sam/.m2/repository/com/github/almasb/fxgl/11.17/fxgl-11.17.jar!/fxglassets/languages/english.lang
12:48:07.484 [FXGL Background Thread 4 ] DEBUG FXGLApplication      - Loading fonts
12:48:07.486 [FXGL Background Thread 4 ] DEBUG FXGLAssetLoaderServi - Loading from file system: jar:file:/home/sam/.m2/repository/com/github/almasb/fxgl/11.17/fxgl-11.17.jar!/fxglassets/ui/fonts/VarelaRound-Regular.ttf
12:48:07.517 [FXGL Background Thread 4 ] DEBUG FXGLAssetLoaderServi - Loading from file system: jar:file:/home/sam/.m2/repository/com/github/almasb/fxgl/11.17/fxgl-11.17.jar!/fxglassets/ui/fonts/Abel-Regular.ttf
12:48:07.534 [FXGL Background Thread 4 ] DEBUG FXGLAssetLoaderServi - Loading from file system: jar:file:/home/sam/.m2/repository/com/github/almasb/fxgl/11.17/fxgl-11.17.jar!/fxglassets/ui/fonts/lucida_console.ttf
12:48:07.539 [FXGL Background Thread 4 ] DEBUG FXGLAssetLoaderServi - Loading from file system: jar:file:/home/sam/.m2/repository/com/github/almasb/fxgl/11.17/fxgl-11.17.jar!/fxglassets/ui/fonts/Courier-Prime.ttf
12:48:07.540 [FXGL Background Thread 1 ] INFO  FXGLApplication      - FXGL initialization took: 1.340 sec
12:48:07.603 [JavaFX Application Thread] DEBUG Input                - Registered new binding: action0 - W
12:48:07.615 [JavaFX Application Thread] DEBUG Input                - Registered new binding: action1 - S
12:48:07.616 [JavaFX Application Thread] DEBUG Input                - Registered new binding: action2 - A
12:48:07.617 [JavaFX Application Thread] DEBUG Input                - Registered new binding: action3 - D
12:48:07.618 [JavaFX Application Thread] DEBUG Input                - Registered new binding: action4 - Space
12:48:07.619 [JavaFX Application Thread] DEBUG Input                - Registered new binding: action5 - R
12:48:07.620 [JavaFX Application Thread] DEBUG Input                - Registered new binding: action6 - Up
12:48:07.620 [JavaFX Application Thread] DEBUG Input                - Registered new binding: action7 - Down
12:48:07.621 [JavaFX Application Thread] DEBUG Input                - Registered new binding: action8 - Left
12:48:07.632 [JavaFX Application Thread] DEBUG Input                - Registered new binding: action9 - Right
12:48:07.633 [JavaFX Application Thread] DEBUG Input                - Registered new binding: action10 - Slash
12:48:07.634 [JavaFX Application Thread] DEBUG Input                - Registered new binding: action11 - 0
12:48:07.635 [JavaFX Application Thread] DEBUG FXGLAssetLoaderServi - Loading from file system: jar:file:/home/sam/.m2/repository/com/github/almasb/fxgl/11.17/fxgl-11.17.jar!/fxglassets/textures/fxgl_icon.png
12:48:07.745 [JavaFX Application Thread] DEBUG FXGLAssetLoaderServi - Loading from file system: jar:file:/home/sam/.m2/repository/com/github/almasb/fxgl/11.17/fxgl-11.17.jar!/fxglassets/textures/fxgl_default_cursor.png
12:48:07.759 [JavaFX Application Thread] DEBUG Input                - Registered new binding: Screenshot - CTRL+8
12:48:07.763 [JavaFX Application Thread] DEBUG Input                - Registered new binding: Dev Options - 1
12:48:07.765 [JavaFX Application Thread] DEBUG Input                - Registered new binding: Dev Console - 2
12:48:07.767 [JavaFX Application Thread] DEBUG Input                - Registered new binding: System info dump - CTRL+9
12:48:07.770 [JavaFX Application Thread] DEBUG Input                - Registered new binding: Restart - CTRL+R
12:48:07.775 [JavaFX Application Thread] DEBUG Input                - Registered new binding: Toggle Debug Camera - CTRL+C
12:48:07.783 [JavaFX Application Thread] DEBUG LoopRunner           - Starting loop
12:48:07.818 [JavaFX Application Thread] DEBUG LoopRunner           - Initializing JavaFX AnimationTimerLoop
12:48:07.822 [JavaFX Application Thread] DEBUG GameApplicationServi - Starting new game
12:48:07.823 [JavaFX Application Thread] DEBUG Input                - Clearing active input actions
12:48:07.851 [JavaFX Application Thread] DEBUG GameApplicationServi - Removing overlay from FXGLStartupScene and adding to FXGLLoadingScene
12:48:07.859 [JavaFX Application Thread] DEBUG PrimaryStageWindow   - FXGLStartupScene -> FXGLLoadingScene
12:48:07.860 [JavaFX Application Thread] DEBUG GameApplicationServi - Clearing previous game
12:48:07.860 [JavaFX Application Thread] DEBUG GameScene            - Clearing game scene
12:48:07.860 [JavaFX Application Thread] DEBUG GameWorld            - Clearing game world
12:48:07.861 [JavaFX Application Thread] DEBUG PhysicsWorld         - Clearing physics world
12:48:07.863 [FXGL Background Thread 4 ] DEBUG FXGLApplication      - Initializing game
12:48:07.870 [JavaFX Application Thread] DEBUG FXGLApplication      - Registering font factories with UI factory
12:48:07.874 [FXGL Background Thread 4 ] DEBUG FXGLAssetLoaderServi - Loading from file system: file:/home/sam/Desktop/Repos/spaceship/target/classes/assets/textures/Spaceship.png
12:48:08.047 [FXGL Background Thread 4 ] DEBUG FXGLAssetLoaderServi - Loading from file system: file:/home/sam/Desktop/Repos/spaceship/target/classes/assets/textures/Spaceship2.png
12:48:08.093 [FXGL Background Thread 4 ] INFO  FXGLApplication      - Game initialization took: 0.229 sec
12:48:08.618 [FXGL Background Thread 2 ] INFO  UpdaterService       - Your current version:  11.17
12:48:08.620 [FXGL Background Thread 2 ] INFO  UpdaterService       - Latest stable version: 17.2
12:48:08.803 [JavaFX Application Thread] DEBUG Input                - Clearing active input actions
12:48:08.824 [JavaFX Application Thread] DEBUG GameApplicationServi - Removing overlay from FXGLLoadingScene and adding to GameScene
12:48:08.833 [JavaFX Application Thread] DEBUG PrimaryStageWindow   - FXGLLoadingScene -> GameScene
12:48:10.454 [FXGL Background Thread 3 ] DEBUG Engine               - Logging environment variables
12:48:10.456 [FXGL Background Thread 3 ] DEBUG Engine               - achievements: []
12:48:10.457 [FXGL Background Thread 3 ] DEBUG Engine               - actualHeight: 1035.0
12:48:10.458 [FXGL Background Thread 3 ] DEBUG Engine               - actualHeightProperty: ReadOnlyDoubleProperty [value: 1007.0]
12:48:10.459 [FXGL Background Thread 3 ] DEBUG Engine               - actualWidth: 1887.0
12:48:10.459 [FXGL Background Thread 3 ] DEBUG Engine               - actualWidthProperty: ReadOnlyDoubleProperty [value: 1885.0]
12:48:10.459 [FXGL Background Thread 3 ] DEBUG Engine               - appIcon: fxgl_icon.png
12:48:10.460 [FXGL Background Thread 3 ] DEBUG Engine               - applicationMode: DEVELOPER
12:48:10.460 [FXGL Background Thread 3 ] DEBUG Engine               - cSSList: [fxgl_dark.css]
12:48:10.460 [FXGL Background Thread 3 ] DEBUG Engine               - collisionDetectionStrategy: BRUTE_FORCE
12:48:10.460 [FXGL Background Thread 3 ] DEBUG Engine               - configClass: Optional.empty
12:48:10.461 [FXGL Background Thread 3 ] DEBUG Engine               - credits: []
12:48:10.461 [FXGL Background Thread 3 ] DEBUG Engine               - defaultCursor: CursorInfo(imageName=fxgl_default_cursor.png, hotspotX=7.0, hotspotY=6.0)
12:48:10.462 [FXGL Background Thread 3 ] DEBUG Engine               - devBBoxColorProperty: ObjectProperty [value: 0xff0000ff]
12:48:10.462 [FXGL Background Thread 3 ] DEBUG Engine               - devEnableDebugCameraProperty: BooleanProperty [value: false]
12:48:10.463 [FXGL Background Thread 3 ] DEBUG Engine               - devSensorColorProperty: ObjectProperty [value: 0xffff00ff]
12:48:10.463 [FXGL Background Thread 3 ] DEBUG Engine               - devShowBBoxProperty: BooleanProperty [value: false]
12:48:10.463 [FXGL Background Thread 3 ] DEBUG Engine               - devShowPositionProperty: BooleanProperty [value: false]
12:48:10.463 [FXGL Background Thread 3 ] DEBUG Engine               - enabledMenuItems: []
12:48:10.464 [FXGL Background Thread 3 ] DEBUG Engine               - engineServices: [class com.almasb.fxgl.app.services.FXGLAssetLoaderService, class com.almasb.fxgl.app.FXGLApplication$GameApplicationService, class com.almasb.fxgl.app.services.FXGLDialogService, class com.almasb.fxgl.app.services.IOTaskExecutorService, class com.almasb.fxgl.io.FileSystemService, class com.almasb.fxgl.localization.LocalizationService, class com.almasb.fxgl.app.services.SystemBundleService, class com.almasb.fxgl.profile.SaveLoadService, class com.almasb.fxgl.ui.FXGLUIFactoryServiceProvider, class com.almasb.fxgl.ui.FXGLDialogFactoryServiceProvider, class com.almasb.fxgl.audio.AudioPlayer, class com.almasb.fxgl.notification.impl.NotificationServiceProvider, class com.almasb.fxgl.achievement.AchievementService, class com.almasb.fxgl.cutscene.CutsceneService, class com.almasb.fxgl.minigames.MiniGameService, class com.almasb.fxgl.net.NetService, class com.almasb.fxgl.app.services.UpdaterService, class com.almasb.fxgl.dev.DevService]
12:48:10.464 [FXGL Background Thread 3 ] DEBUG Engine               - fontGame: Abel-Regular.ttf
12:48:10.464 [FXGL Background Thread 3 ] DEBUG Engine               - fontMono: lucida_console.ttf
12:48:10.464 [FXGL Background Thread 3 ] DEBUG Engine               - fontText: Courier-Prime.ttf
12:48:10.466 [FXGL Background Thread 3 ] DEBUG Engine               - fontUI: VarelaRound-Regular.ttf
12:48:10.466 [FXGL Background Thread 3 ] DEBUG Engine               - fullScreen: BooleanProperty [value: false]
12:48:10.466 [FXGL Background Thread 3 ] DEBUG Engine               - gameDifficulty: MEDIUM
12:48:10.467 [FXGL Background Thread 3 ] DEBUG Engine               - gameDifficultyProperty: ObjectProperty [value: MEDIUM]
12:48:10.467 [FXGL Background Thread 3 ] DEBUG Engine               - globalMusicVolume: 0.5
12:48:10.468 [FXGL Background Thread 3 ] DEBUG Engine               - globalMusicVolumeProperty: DoubleProperty [value: 0.5]
12:48:10.468 [FXGL Background Thread 3 ] DEBUG Engine               - globalSoundVolume: 0.5
12:48:10.468 [FXGL Background Thread 3 ] DEBUG Engine               - globalSoundVolumeProperty: DoubleProperty [value: 0.5]
12:48:10.468 [FXGL Background Thread 3 ] DEBUG Engine               - height: 1300
12:48:10.469 [FXGL Background Thread 3 ] DEBUG Engine               - is3D: false
12:48:10.469 [FXGL Background Thread 3 ] DEBUG Engine               - isAndroid: false
12:48:10.469 [FXGL Background Thread 3 ] DEBUG Engine               - isBrowser: false
12:48:10.469 [FXGL Background Thread 3 ] DEBUG Engine               - isClickFeedbackEnabled: false
12:48:10.469 [FXGL Background Thread 3 ] DEBUG Engine               - isCloseConfirmation: false
12:48:10.470 [FXGL Background Thread 3 ] DEBUG Engine               - isDesktop: true
12:48:10.470 [FXGL Background Thread 3 ] DEBUG Engine               - isDeveloperMenuEnabled: true
12:48:10.470 [FXGL Background Thread 3 ] DEBUG Engine               - isEntityPreloadEnabled: true
12:48:10.473 [FXGL Background Thread 3 ] DEBUG Engine               - isExperimentalTiledLargeMap: false
12:48:10.474 [FXGL Background Thread 3 ] DEBUG Engine               - isFileSystemWriteAllowed: true
12:48:10.475 [FXGL Background Thread 3 ] DEBUG Engine               - isFullScreenAllowed: false
12:48:10.475 [FXGL Background Thread 3 ] DEBUG Engine               - isFullScreenFromStart: false
12:48:10.475 [FXGL Background Thread 3 ] DEBUG Engine               - isGameMenuEnabled: true
12:48:10.475 [FXGL Background Thread 3 ] DEBUG Engine               - isIOS: false
12:48:10.475 [FXGL Background Thread 3 ] DEBUG Engine               - isIntroEnabled: false
12:48:10.476 [FXGL Background Thread 3 ] DEBUG Engine               - isLinux: true
12:48:10.476 [FXGL Background Thread 3 ] DEBUG Engine               - isMac: false
12:48:10.476 [FXGL Background Thread 3 ] DEBUG Engine               - isMainMenuEnabled: false
12:48:10.476 [FXGL Background Thread 3 ] DEBUG Engine               - isManualResizeEnabled: true
12:48:10.476 [FXGL Background Thread 3 ] DEBUG Engine               - isMobile: false
12:48:10.476 [FXGL Background Thread 3 ] DEBUG Engine               - isNative: false
12:48:10.477 [FXGL Background Thread 3 ] DEBUG Engine               - isPauseMusicWhenMinimized: true
12:48:10.477 [FXGL Background Thread 3 ] DEBUG Engine               - isPreserveResizeRatio: false
12:48:10.477 [FXGL Background Thread 3 ] DEBUG Engine               - isProfilingEnabled: false
12:48:10.477 [FXGL Background Thread 3 ] DEBUG Engine               - isScaleAffectedOnResize: true
12:48:10.477 [FXGL Background Thread 3 ] DEBUG Engine               - isSingleStep: false
12:48:10.478 [FXGL Background Thread 3 ] DEBUG Engine               - isUserProfileEnabled: false
12:48:10.478 [FXGL Background Thread 3 ] DEBUG Engine               - isWindows: false
12:48:10.478 [FXGL Background Thread 3 ] DEBUG Engine               - language: ObjectProperty [value: ENGLISH]
12:48:10.478 [FXGL Background Thread 3 ] DEBUG Engine               - menuKey: ESCAPE
12:48:10.478 [FXGL Background Thread 3 ] DEBUG Engine               - mouseSensitivity: 0.2
12:48:10.479 [FXGL Background Thread 3 ] DEBUG Engine               - notificationViewClass: class com.almasb.fxgl.notification.view.XboxNotificationView
12:48:10.479 [FXGL Background Thread 3 ] DEBUG Engine               - pixelsPerMeter: 50.0
12:48:10.479 [FXGL Background Thread 3 ] DEBUG Engine               - platform: LINUX
12:48:10.479 [FXGL Background Thread 3 ] DEBUG Engine               - prefHeightProperty: ReadOnlyDoubleProperty [value: 1300.0]
12:48:10.479 [FXGL Background Thread 3 ] DEBUG Engine               - prefWidthProperty: ReadOnlyDoubleProperty [value: 2400.0]
12:48:10.480 [FXGL Background Thread 3 ] DEBUG Engine               - profileDir: profiles/
12:48:10.480 [FXGL Background Thread 3 ] DEBUG Engine               - profileName: StringProperty [value: DEFAULT]
12:48:10.480 [FXGL Background Thread 3 ] DEBUG Engine               - randomSeed: -1
12:48:10.480 [FXGL Background Thread 3 ] DEBUG Engine               - runtimeInfo: RuntimeInfo(platform=LINUX, version=11.17, build=16.07.2021 15.46)
12:48:10.480 [FXGL Background Thread 3 ] DEBUG Engine               - saveFileExt: sav
12:48:10.481 [FXGL Background Thread 3 ] DEBUG Engine               - scaledHeightProp$fxgl: DoubleProperty [bound, value: 1007.0]
12:48:10.481 [FXGL Background Thread 3 ] DEBUG Engine               - scaledWidthProp$fxgl: DoubleProperty [bound, value: 1885.0]
12:48:10.481 [FXGL Background Thread 3 ] DEBUG Engine               - sceneFactory: com.almasb.fxgl.app.scene.SceneFactory@5ee186f1
12:48:10.481 [FXGL Background Thread 3 ] DEBUG Engine               - secondsIn24h: 60
12:48:10.481 [FXGL Background Thread 3 ] DEBUG Engine               - soundMenuBack: menu/back.wav
12:48:10.482 [FXGL Background Thread 3 ] DEBUG Engine               - soundMenuPress: menu/press.wav
12:48:10.482 [FXGL Background Thread 3 ] DEBUG Engine               - soundMenuSelect: menu/select.wav
12:48:10.482 [FXGL Background Thread 3 ] DEBUG Engine               - soundNotification: core/notification.wav
12:48:10.482 [FXGL Background Thread 3 ] DEBUG Engine               - stageStyle: DECORATED
12:48:10.482 [FXGL Background Thread 3 ] DEBUG Engine               - supportedLanguages: [ENGLISH, FRENCH, GERMAN, HUNGARIAN, RUSSIAN]
12:48:10.482 [FXGL Background Thread 3 ] DEBUG Engine               - ticksPerSecond: -1
12:48:10.483 [FXGL Background Thread 3 ] DEBUG Engine               - title: Spaceship
12:48:10.483 [FXGL Background Thread 3 ] DEBUG Engine               - urlGithub: https://github.com/AlmasB/FXGL
12:48:10.483 [FXGL Background Thread 3 ] DEBUG Engine               - urlLeaderboard: http://fxgl-top.herokuapp.com/
12:48:10.483 [FXGL Background Thread 3 ] DEBUG Engine               - urlPOM: https://raw.githubusercontent.com/AlmasB/FXGL/release/README.md
12:48:10.483 [FXGL Background Thread 3 ] DEBUG Engine               - userAppClass: class com.example.App
12:48:10.483 [FXGL Background Thread 3 ] DEBUG Engine               - version: 0.0
12:48:10.484 [FXGL Background Thread 3 ] DEBUG Engine               - versionCheckDays: 7
12:48:10.484 [FXGL Background Thread 3 ] DEBUG Engine               - width: 2400
12:48:10.484 [FXGL Background Thread 3 ] DEBUG Engine               - Logging services
12:48:10.484 [FXGL Background Thread 3 ] DEBUG Engine               - class com.almasb.fxgl.app.services.FXGLAssetLoaderService
12:48:10.484 [FXGL Background Thread 3 ] DEBUG Engine               - class com.almasb.fxgl.app.FXGLApplication$GameApplicationService
12:48:10.485 [FXGL Background Thread 3 ] DEBUG Engine               - class com.almasb.fxgl.app.services.FXGLDialogService
12:48:10.485 [FXGL Background Thread 3 ] DEBUG Engine               - class com.almasb.fxgl.app.services.IOTaskExecutorService
12:48:10.485 [FXGL Background Thread 3 ] DEBUG Engine               - class com.almasb.fxgl.io.FileSystemService
12:48:10.485 [FXGL Background Thread 3 ] DEBUG Engine               - class com.almasb.fxgl.localization.LocalizationService
12:48:10.485 [FXGL Background Thread 3 ] DEBUG Engine               - class com.almasb.fxgl.app.services.SystemBundleService
12:48:10.485 [FXGL Background Thread 3 ] DEBUG Engine               - class com.almasb.fxgl.profile.SaveLoadService
12:48:10.486 [FXGL Background Thread 3 ] DEBUG Engine               - class com.almasb.fxgl.ui.FXGLUIFactoryServiceProvider
12:48:10.486 [FXGL Background Thread 3 ] DEBUG Engine               - class com.almasb.fxgl.ui.FXGLDialogFactoryServiceProvider
12:48:10.486 [FXGL Background Thread 3 ] DEBUG Engine               - class com.almasb.fxgl.audio.AudioPlayer
12:48:10.486 [FXGL Background Thread 3 ] DEBUG Engine               - class com.almasb.fxgl.notification.impl.NotificationServiceProvider
12:48:10.486 [FXGL Background Thread 3 ] DEBUG Engine               - class com.almasb.fxgl.achievement.AchievementService
12:48:10.487 [FXGL Background Thread 3 ] DEBUG Engine               - class com.almasb.fxgl.cutscene.CutsceneService
12:48:10.487 [FXGL Background Thread 3 ] DEBUG Engine               - class com.almasb.fxgl.minigames.MiniGameService
12:48:10.487 [FXGL Background Thread 3 ] DEBUG Engine               - class com.almasb.fxgl.net.NetService
12:48:10.487 [FXGL Background Thread 3 ] DEBUG Engine               - class com.almasb.fxgl.app.services.UpdaterService
12:48:10.487 [FXGL Background Thread 3 ] DEBUG Engine               - class com.almasb.fxgl.dev.DevService
12:48:24.585 [JavaFX Application Thread] DEBUG FXGLApplication      - Exiting FXGL
12:48:24.586 [JavaFX Application Thread] DEBUG LoopRunner           - Stopping loop
12:48:24.586 [JavaFX Application Thread] DEBUG SystemBundleService  - Saving FXGL system data
12:48:24.589 [JavaFX Application Thread] DEBUG FileSystemAccess     - Writing to: /home/sam/Desktop/Repos/spaceship/system/fxgl.bundle
12:48:24.593 [JavaFX Application Thread] DEBUG Async                - Shutting down background threads
12:48:24.594 [JavaFX Application Thread] DEBUG PrimaryStageWindow   - Closing main window
12:48:24.598 [JavaFX Application Thread] DEBUG Logger               - Closing Logger
