13:03:05.688 [main                     ] DEBUG Logger               - Configured Logger
13:03:05.745 [main                     ] DEBUG GameApplication      - Logging settings
Title: Spaceship
Version: 0.0
Width: 2400
Height: 1300
Fullscreen: true
Intro: false
Profiling: false
Single step:false
App Mode: DEVELOPER
Menu Key: ESCAPE
Stage Style: DECORATED
Scene Factory: class com.almasb.fxgl.app.scene.SceneFactory

13:03:06.451 [JavaFX Application Thread] DEBUG FXGLApplication      - Initializing FXGL
13:03:06.456 [JavaFX Application Thread] INFO  Engine               - FXGL-11.17 (16.07.2021 15.46) on LINUX (J:11.0.16.1 FX:16)
13:03:06.457 [JavaFX Application Thread] DEBUG Engine               - JRE Vendor Name: Oracle Corporation
13:03:06.458 [JavaFX Application Thread] DEBUG Engine               - Running on OS: Linux version 5.15.65-1-MANJARO
13:03:06.458 [JavaFX Application Thread] DEBUG Engine               - Architecture: amd64
13:03:06.459 [JavaFX Application Thread] INFO  Engine               - Source code and latest versions at: https://github.com/AlmasB/FXGL
13:03:06.459 [JavaFX Application Thread] INFO  Engine               -              Join the FXGL chat at: https://gitter.im/AlmasB/FXGL
13:03:06.728 [JavaFX Application Thread] DEBUG PrimaryStageWindow   - Creating a JavaFX scene
13:03:06.729 [JavaFX Application Thread] DEBUG PrimaryStageWindow   - Target size > screen size
13:03:06.968 [JavaFX Application Thread] DEBUG PrimaryStageWindow   - Target settings size: 2400.0 x 1300.0
13:03:06.968 [JavaFX Application Thread] DEBUG PrimaryStageWindow   - Scaled scene size:    1895.0 x 1040.0
13:03:06.969 [JavaFX Application Thread] DEBUG PrimaryStageWindow   - Scaled ratio: (0.7895833333333333, 0.8)
13:03:06.971 [JavaFX Application Thread] DEBUG PrimaryStageWindow   - Set initial scene to FXGLStartupScene
13:03:06.993 [JavaFX Application Thread] DEBUG PrimaryStageWindow   - Opening main window
13:03:07.096 [JavaFX Application Thread] DEBUG PrimaryStageWindow   - Window border size: (2.0, 29.0)
13:03:07.096 [JavaFX Application Thread] DEBUG PrimaryStageWindow   - Scaled size: 1895.0 x 1040.0
13:03:07.096 [JavaFX Application Thread] DEBUG PrimaryStageWindow   - Scaled ratio: (0.7895833333333333, 0.8)
13:03:07.097 [JavaFX Application Thread] DEBUG PrimaryStageWindow   - Scene size: 1895.0 x 1040.0
13:03:07.097 [JavaFX Application Thread] DEBUG PrimaryStageWindow   - Stage size: 1897.0 x 1069.0
13:03:07.100 [JavaFX Application Thread] DEBUG PrimaryStageWindow   - Going fullscreen
13:03:07.117 [FXGL Background Thread 1 ] DEBUG Engine               - Initializing environment variables
13:03:07.318 [FXGL Background Thread 1 ] DEBUG FXGLAssetLoaderServi - User app class for loading assets: class com.example.App
13:03:07.319 [FXGL Background Thread 1 ] DEBUG GameApplicationServi - Applying CSS: fxgl_dark.css
13:03:07.322 [FXGL Background Thread 1 ] DEBUG FXGLAssetLoaderServi - Loading from file system: jar:file:/home/sam/.m2/repository/com/github/almasb/fxgl/11.17/fxgl-11.17.jar!/fxglassets/ui/css/fxgl_dark.css
13:03:07.501 [FXGL Background Thread 1 ] DEBUG GameApplicationServi - Initializing application scenes
13:03:07.639 [FXGL Background Thread 1 ] DEBUG GameWorld            - Game world initialized
13:03:07.777 [FXGL Background Thread 1 ] DEBUG PhysicsWorld         - Physics world initialized: appHeight=1300, physics.ppm=50.0
13:03:07.778 [FXGL Background Thread 1 ] DEBUG PhysicsWorld         - Using strategy: BRUTE_FORCE
13:03:07.784 [FXGL Background Thread 1 ] DEBUG GameScene            - Game scene initialized: 2400x1300
13:03:07.815 [FXGL Background Thread 1 ] DEBUG FXGL.DefaultMenu     - createMenuBodyGameMenu()
13:03:07.870 [FXGL Background Thread 1 ] DEBUG FXGL.DefaultMenu     - createOptionsMenu()
13:03:07.897 [FXGL Background Thread 1 ] DEBUG FXGLAssetLoaderServi - Loading from file system: jar:file:/home/sam/.m2/repository/com/github/almasb/fxgl/11.17/fxgl-11.17.jar!/fxglassets/textures/particles/smoke.png
13:03:08.137 [FXGL Background Thread 1 ] DEBUG FXGLAssetLoaderServi - Loading from file system: jar:file:/home/sam/.m2/repository/com/github/almasb/fxgl/11.17/fxgl-11.17.jar!/fxglassets/textures/particles/trace_horizontal.png
13:03:08.199 [FXGL Background Thread 1 ] DEBUG GameApplicationServi - Application scenes initialized
13:03:08.237 [FXGL Background Thread 1 ] DEBUG SystemBundleService  - Loading FXGL system data
13:03:08.250 [FXGL Background Thread 1 ] DEBUG FileSystemAccess     - Reading from: /home/sam/Desktop/Repos/spaceship/system/fxgl.bundle
13:03:08.271 [FXGL Background Thread 1 ] DEBUG SystemBundleService  - Bundle FXGL: {}
13:03:08.272 [FXGL Background Thread 1 ] DEBUG UpdaterService       - Checking for updates
13:03:08.365 [FXGL Background Thread 1 ] DEBUG FXGLApplication      - Loading default localization
13:03:08.367 [FXGL Background Thread 1 ] DEBUG FXGLAssetLoaderServi - Loading from file system: jar:file:/home/sam/.m2/repository/com/github/almasb/fxgl/11.17/fxgl-11.17.jar!/fxglassets/languages/english.lang
13:03:08.370 [FXGL Background Thread 4 ] DEBUG FXGLApplication      - Loading fonts
13:03:08.371 [FXGL Background Thread 4 ] DEBUG FXGLAssetLoaderServi - Loading from file system: jar:file:/home/sam/.m2/repository/com/github/almasb/fxgl/11.17/fxgl-11.17.jar!/fxglassets/ui/fonts/VarelaRound-Regular.ttf
13:03:08.424 [FXGL Background Thread 1 ] INFO  FXGLApplication      - FXGL initialization took: 1.306 sec
13:03:08.437 [FXGL Background Thread 4 ] DEBUG FXGLAssetLoaderServi - Loading from file system: jar:file:/home/sam/.m2/repository/com/github/almasb/fxgl/11.17/fxgl-11.17.jar!/fxglassets/ui/fonts/Abel-Regular.ttf
13:03:08.461 [JavaFX Application Thread] DEBUG Input                - Registered new binding: action0 - W
13:03:08.462 [JavaFX Application Thread] DEBUG Input                - Registered new binding: action1 - S
13:03:08.463 [JavaFX Application Thread] DEBUG Input                - Registered new binding: action2 - A
13:03:08.464 [JavaFX Application Thread] DEBUG Input                - Registered new binding: action3 - D
13:03:08.465 [JavaFX Application Thread] DEBUG Input                - Registered new binding: action4 - Space
13:03:08.466 [JavaFX Application Thread] DEBUG Input                - Registered new binding: action5 - R
13:03:08.467 [JavaFX Application Thread] DEBUG Input                - Registered new binding: action6 - Up
13:03:08.468 [JavaFX Application Thread] DEBUG Input                - Registered new binding: action7 - Down
13:03:08.469 [JavaFX Application Thread] DEBUG Input                - Registered new binding: action8 - Left
13:03:08.470 [JavaFX Application Thread] DEBUG Input                - Registered new binding: action9 - Right
13:03:08.471 [JavaFX Application Thread] DEBUG Input                - Registered new binding: action10 - Slash
13:03:08.460 [FXGL Background Thread 4 ] DEBUG FXGLAssetLoaderServi - Loading from file system: jar:file:/home/sam/.m2/repository/com/github/almasb/fxgl/11.17/fxgl-11.17.jar!/fxglassets/ui/fonts/lucida_console.ttf
13:03:08.472 [JavaFX Application Thread] DEBUG Input                - Registered new binding: action11 - 0
13:03:08.474 [JavaFX Application Thread] DEBUG FXGLAssetLoaderServi - Loading from file system: jar:file:/home/sam/.m2/repository/com/github/almasb/fxgl/11.17/fxgl-11.17.jar!/fxglassets/textures/fxgl_icon.png
13:03:08.478 [FXGL Background Thread 4 ] DEBUG FXGLAssetLoaderServi - Loading from file system: jar:file:/home/sam/.m2/repository/com/github/almasb/fxgl/11.17/fxgl-11.17.jar!/fxglassets/ui/fonts/Courier-Prime.ttf
13:03:08.531 [JavaFX Application Thread] DEBUG FXGLAssetLoaderServi - Loading from file system: jar:file:/home/sam/.m2/repository/com/github/almasb/fxgl/11.17/fxgl-11.17.jar!/fxglassets/textures/fxgl_default_cursor.png
13:03:08.536 [JavaFX Application Thread] DEBUG Input                - Registered new binding: Screenshot - CTRL+8
13:03:08.538 [JavaFX Application Thread] DEBUG Input                - Registered new binding: Dev Options - 1
13:03:08.540 [JavaFX Application Thread] DEBUG Input                - Registered new binding: Dev Console - 2
13:03:08.541 [JavaFX Application Thread] DEBUG Input                - Registered new binding: System info dump - CTRL+9
13:03:08.542 [JavaFX Application Thread] DEBUG Input                - Registered new binding: Restart - CTRL+R
13:03:08.544 [JavaFX Application Thread] DEBUG Input                - Registered new binding: Toggle Debug Camera - CTRL+C
13:03:08.549 [JavaFX Application Thread] DEBUG LoopRunner           - Starting loop
13:03:08.583 [JavaFX Application Thread] DEBUG LoopRunner           - Initializing JavaFX AnimationTimerLoop
13:03:08.586 [JavaFX Application Thread] DEBUG GameApplicationServi - Starting new game
13:03:08.587 [JavaFX Application Thread] DEBUG Input                - Clearing active input actions
13:03:08.611 [JavaFX Application Thread] DEBUG GameApplicationServi - Removing overlay from FXGLStartupScene and adding to FXGLLoadingScene
13:03:08.620 [JavaFX Application Thread] DEBUG PrimaryStageWindow   - FXGLStartupScene -> FXGLLoadingScene
13:03:08.621 [JavaFX Application Thread] DEBUG GameApplicationServi - Clearing previous game
13:03:08.622 [JavaFX Application Thread] DEBUG GameScene            - Clearing game scene
13:03:08.622 [JavaFX Application Thread] DEBUG GameWorld            - Clearing game world
13:03:08.622 [JavaFX Application Thread] DEBUG PhysicsWorld         - Clearing physics world
13:03:08.625 [FXGL Background Thread 4 ] DEBUG FXGLApplication      - Initializing game
13:03:08.632 [FXGL Background Thread 4 ] DEBUG FXGLAssetLoaderServi - Loading from file system: file:/home/sam/Desktop/Repos/spaceship/target/classes/assets/textures/Spaceship.png
13:03:08.635 [JavaFX Application Thread] DEBUG FXGLApplication      - Registering font factories with UI factory
13:03:08.696 [FXGL Background Thread 4 ] DEBUG FXGLAssetLoaderServi - Loading from file system: file:/home/sam/Desktop/Repos/spaceship/target/classes/assets/textures/Spaceship2.png
13:03:08.722 [FXGL Background Thread 4 ] INFO  FXGLApplication      - Game initialization took: 0.097 sec
13:03:09.383 [JavaFX Application Thread] DEBUG Input                - Clearing active input actions
13:03:09.423 [JavaFX Application Thread] DEBUG GameApplicationServi - Removing overlay from FXGLLoadingScene and adding to GameScene
13:03:09.434 [FXGL Background Thread 2 ] INFO  UpdaterService       - Your current version:  11.17
13:03:09.435 [FXGL Background Thread 2 ] INFO  UpdaterService       - Latest stable version: 17.2
13:03:09.452 [JavaFX Application Thread] DEBUG PrimaryStageWindow   - FXGLLoadingScene -> GameScene
13:03:11.359 [FXGL Background Thread 3 ] DEBUG Engine               - Logging environment variables
13:03:11.364 [FXGL Background Thread 3 ] DEBUG Engine               - achievements: []
13:03:11.365 [FXGL Background Thread 3 ] DEBUG Engine               - actualHeight: 1069.0
13:03:11.365 [FXGL Background Thread 3 ] DEBUG Engine               - actualHeightProperty: ReadOnlyDoubleProperty [value: 1080.0]
13:03:11.366 [FXGL Background Thread 3 ] DEBUG Engine               - actualWidth: 1897.0
13:03:11.366 [FXGL Background Thread 3 ] DEBUG Engine               - actualWidthProperty: ReadOnlyDoubleProperty [value: 1920.0]
13:03:11.366 [FXGL Background Thread 3 ] DEBUG Engine               - appIcon: fxgl_icon.png
13:03:11.366 [FXGL Background Thread 3 ] DEBUG Engine               - applicationMode: DEVELOPER
13:03:11.366 [FXGL Background Thread 3 ] DEBUG Engine               - cSSList: [fxgl_dark.css]
13:03:11.367 [FXGL Background Thread 3 ] DEBUG Engine               - collisionDetectionStrategy: BRUTE_FORCE
13:03:11.367 [FXGL Background Thread 3 ] DEBUG Engine               - configClass: Optional.empty
13:03:11.367 [FXGL Background Thread 3 ] DEBUG Engine               - credits: []
13:03:11.368 [FXGL Background Thread 3 ] DEBUG Engine               - defaultCursor: CursorInfo(imageName=fxgl_default_cursor.png, hotspotX=7.0, hotspotY=6.0)
13:03:11.369 [FXGL Background Thread 3 ] DEBUG Engine               - devBBoxColorProperty: ObjectProperty [value: 0xff0000ff]
13:03:11.369 [FXGL Background Thread 3 ] DEBUG Engine               - devEnableDebugCameraProperty: BooleanProperty [value: false]
13:03:11.370 [FXGL Background Thread 3 ] DEBUG Engine               - devSensorColorProperty: ObjectProperty [value: 0xffff00ff]
13:03:11.370 [FXGL Background Thread 3 ] DEBUG Engine               - devShowBBoxProperty: BooleanProperty [value: false]
13:03:11.370 [FXGL Background Thread 3 ] DEBUG Engine               - devShowPositionProperty: BooleanProperty [value: false]
13:03:11.370 [FXGL Background Thread 3 ] DEBUG Engine               - enabledMenuItems: []
13:03:11.371 [FXGL Background Thread 3 ] DEBUG Engine               - engineServices: [class com.almasb.fxgl.app.services.FXGLAssetLoaderService, class com.almasb.fxgl.app.FXGLApplication$GameApplicationService, class com.almasb.fxgl.app.services.FXGLDialogService, class com.almasb.fxgl.app.services.IOTaskExecutorService, class com.almasb.fxgl.io.FileSystemService, class com.almasb.fxgl.localization.LocalizationService, class com.almasb.fxgl.app.services.SystemBundleService, class com.almasb.fxgl.profile.SaveLoadService, class com.almasb.fxgl.ui.FXGLUIFactoryServiceProvider, class com.almasb.fxgl.ui.FXGLDialogFactoryServiceProvider, class com.almasb.fxgl.audio.AudioPlayer, class com.almasb.fxgl.notification.impl.NotificationServiceProvider, class com.almasb.fxgl.achievement.AchievementService, class com.almasb.fxgl.cutscene.CutsceneService, class com.almasb.fxgl.minigames.MiniGameService, class com.almasb.fxgl.net.NetService, class com.almasb.fxgl.app.services.UpdaterService, class com.almasb.fxgl.dev.DevService]
13:03:11.371 [FXGL Background Thread 3 ] DEBUG Engine               - fontGame: Abel-Regular.ttf
13:03:11.371 [FXGL Background Thread 3 ] DEBUG Engine               - fontMono: lucida_console.ttf
13:03:11.371 [FXGL Background Thread 3 ] DEBUG Engine               - fontText: Courier-Prime.ttf
13:03:11.372 [FXGL Background Thread 3 ] DEBUG Engine               - fontUI: VarelaRound-Regular.ttf
13:03:11.372 [FXGL Background Thread 3 ] DEBUG Engine               - fullScreen: BooleanProperty [value: true]
13:03:11.372 [FXGL Background Thread 3 ] DEBUG Engine               - gameDifficulty: MEDIUM
13:03:11.372 [FXGL Background Thread 3 ] DEBUG Engine               - gameDifficultyProperty: ObjectProperty [value: MEDIUM]
13:03:11.373 [FXGL Background Thread 3 ] DEBUG Engine               - globalMusicVolume: 0.5
13:03:11.373 [FXGL Background Thread 3 ] DEBUG Engine               - globalMusicVolumeProperty: DoubleProperty [value: 0.5]
13:03:11.373 [FXGL Background Thread 3 ] DEBUG Engine               - globalSoundVolume: 0.5
13:03:11.374 [FXGL Background Thread 3 ] DEBUG Engine               - globalSoundVolumeProperty: DoubleProperty [value: 0.5]
13:03:11.374 [FXGL Background Thread 3 ] DEBUG Engine               - height: 1300
13:03:11.374 [FXGL Background Thread 3 ] DEBUG Engine               - is3D: false
13:03:11.375 [FXGL Background Thread 3 ] DEBUG Engine               - isAndroid: false
13:03:11.375 [FXGL Background Thread 3 ] DEBUG Engine               - isBrowser: false
13:03:11.375 [FXGL Background Thread 3 ] DEBUG Engine               - isClickFeedbackEnabled: false
13:03:11.376 [FXGL Background Thread 3 ] DEBUG Engine               - isCloseConfirmation: false
13:03:11.376 [FXGL Background Thread 3 ] DEBUG Engine               - isDesktop: true
13:03:11.376 [FXGL Background Thread 3 ] DEBUG Engine               - isDeveloperMenuEnabled: true
13:03:11.377 [FXGL Background Thread 3 ] DEBUG Engine               - isEntityPreloadEnabled: true
13:03:11.377 [FXGL Background Thread 3 ] DEBUG Engine               - isExperimentalTiledLargeMap: false
13:03:11.377 [FXGL Background Thread 3 ] DEBUG Engine               - isFileSystemWriteAllowed: true
13:03:11.377 [FXGL Background Thread 3 ] DEBUG Engine               - isFullScreenAllowed: true
13:03:11.378 [FXGL Background Thread 3 ] DEBUG Engine               - isFullScreenFromStart: true
13:03:11.378 [FXGL Background Thread 3 ] DEBUG Engine               - isGameMenuEnabled: true
13:03:11.378 [FXGL Background Thread 3 ] DEBUG Engine               - isIOS: false
13:03:11.378 [FXGL Background Thread 3 ] DEBUG Engine               - isIntroEnabled: false
13:03:11.379 [FXGL Background Thread 3 ] DEBUG Engine               - isLinux: true
13:03:11.379 [FXGL Background Thread 3 ] DEBUG Engine               - isMac: false
13:03:11.379 [FXGL Background Thread 3 ] DEBUG Engine               - isMainMenuEnabled: false
13:03:11.379 [FXGL Background Thread 3 ] DEBUG Engine               - isManualResizeEnabled: true
13:03:11.380 [FXGL Background Thread 3 ] DEBUG Engine               - isMobile: false
13:03:11.380 [FXGL Background Thread 3 ] DEBUG Engine               - isNative: false
13:03:11.380 [FXGL Background Thread 3 ] DEBUG Engine               - isPauseMusicWhenMinimized: true
13:03:11.380 [FXGL Background Thread 3 ] DEBUG Engine               - isPreserveResizeRatio: false
13:03:11.380 [FXGL Background Thread 3 ] DEBUG Engine               - isProfilingEnabled: false
13:03:11.381 [FXGL Background Thread 3 ] DEBUG Engine               - isScaleAffectedOnResize: true
13:03:11.381 [FXGL Background Thread 3 ] DEBUG Engine               - isSingleStep: false
13:03:11.381 [FXGL Background Thread 3 ] DEBUG Engine               - isUserProfileEnabled: false
13:03:11.381 [FXGL Background Thread 3 ] DEBUG Engine               - isWindows: false
13:03:11.381 [FXGL Background Thread 3 ] DEBUG Engine               - language: ObjectProperty [value: ENGLISH]
13:03:11.382 [FXGL Background Thread 3 ] DEBUG Engine               - menuKey: ESCAPE
13:03:11.382 [FXGL Background Thread 3 ] DEBUG Engine               - mouseSensitivity: 0.2
13:03:11.382 [FXGL Background Thread 3 ] DEBUG Engine               - notificationViewClass: class com.almasb.fxgl.notification.view.XboxNotificationView
13:03:11.382 [FXGL Background Thread 3 ] DEBUG Engine               - pixelsPerMeter: 50.0
13:03:11.382 [FXGL Background Thread 3 ] DEBUG Engine               - platform: LINUX
13:03:11.383 [FXGL Background Thread 3 ] DEBUG Engine               - prefHeightProperty: ReadOnlyDoubleProperty [value: 1300.0]
13:03:11.383 [FXGL Background Thread 3 ] DEBUG Engine               - prefWidthProperty: ReadOnlyDoubleProperty [value: 2400.0]
13:03:11.383 [FXGL Background Thread 3 ] DEBUG Engine               - profileDir: profiles/
13:03:11.383 [FXGL Background Thread 3 ] DEBUG Engine               - profileName: StringProperty [value: DEFAULT]
13:03:11.384 [FXGL Background Thread 3 ] DEBUG Engine               - randomSeed: -1
13:03:11.384 [FXGL Background Thread 3 ] DEBUG Engine               - runtimeInfo: RuntimeInfo(platform=LINUX, version=11.17, build=16.07.2021 15.46)
13:03:11.384 [FXGL Background Thread 3 ] DEBUG Engine               - saveFileExt: sav
13:03:11.384 [FXGL Background Thread 3 ] DEBUG Engine               - scaledHeightProp$fxgl: DoubleProperty [bound, value: 1080.0]
13:03:11.384 [FXGL Background Thread 3 ] DEBUG Engine               - scaledWidthProp$fxgl: DoubleProperty [bound, value: 1920.0]
13:03:11.385 [FXGL Background Thread 3 ] DEBUG Engine               - sceneFactory: com.almasb.fxgl.app.scene.SceneFactory@40bfe7cb
13:03:11.385 [FXGL Background Thread 3 ] DEBUG Engine               - secondsIn24h: 60
13:03:11.385 [FXGL Background Thread 3 ] DEBUG Engine               - soundMenuBack: menu/back.wav
13:03:11.385 [FXGL Background Thread 3 ] DEBUG Engine               - soundMenuPress: menu/press.wav
13:03:11.385 [FXGL Background Thread 3 ] DEBUG Engine               - soundMenuSelect: menu/select.wav
13:03:11.386 [FXGL Background Thread 3 ] DEBUG Engine               - soundNotification: core/notification.wav
13:03:11.386 [FXGL Background Thread 3 ] DEBUG Engine               - stageStyle: DECORATED
13:03:11.386 [FXGL Background Thread 3 ] DEBUG Engine               - supportedLanguages: [ENGLISH, FRENCH, GERMAN, HUNGARIAN, RUSSIAN]
13:03:11.386 [FXGL Background Thread 3 ] DEBUG Engine               - ticksPerSecond: -1
13:03:11.387 [FXGL Background Thread 3 ] DEBUG Engine               - title: Spaceship
13:03:11.387 [FXGL Background Thread 3 ] DEBUG Engine               - urlGithub: https://github.com/AlmasB/FXGL
13:03:11.387 [FXGL Background Thread 3 ] DEBUG Engine               - urlLeaderboard: http://fxgl-top.herokuapp.com/
13:03:11.387 [FXGL Background Thread 3 ] DEBUG Engine               - urlPOM: https://raw.githubusercontent.com/AlmasB/FXGL/release/README.md
13:03:11.387 [FXGL Background Thread 3 ] DEBUG Engine               - userAppClass: class com.example.App
13:03:11.387 [FXGL Background Thread 3 ] DEBUG Engine               - version: 0.0
13:03:11.388 [FXGL Background Thread 3 ] DEBUG Engine               - versionCheckDays: 7
13:03:11.388 [FXGL Background Thread 3 ] DEBUG Engine               - width: 2400
13:03:11.388 [FXGL Background Thread 3 ] DEBUG Engine               - Logging services
13:03:11.388 [FXGL Background Thread 3 ] DEBUG Engine               - class com.almasb.fxgl.app.services.FXGLAssetLoaderService
13:03:11.388 [FXGL Background Thread 3 ] DEBUG Engine               - class com.almasb.fxgl.app.FXGLApplication$GameApplicationService
13:03:11.389 [FXGL Background Thread 3 ] DEBUG Engine               - class com.almasb.fxgl.app.services.FXGLDialogService
13:03:11.389 [FXGL Background Thread 3 ] DEBUG Engine               - class com.almasb.fxgl.app.services.IOTaskExecutorService
13:03:11.389 [FXGL Background Thread 3 ] DEBUG Engine               - class com.almasb.fxgl.io.FileSystemService
13:03:11.389 [FXGL Background Thread 3 ] DEBUG Engine               - class com.almasb.fxgl.localization.LocalizationService
13:03:11.389 [FXGL Background Thread 3 ] DEBUG Engine               - class com.almasb.fxgl.app.services.SystemBundleService
13:03:11.390 [FXGL Background Thread 3 ] DEBUG Engine               - class com.almasb.fxgl.profile.SaveLoadService
13:03:11.390 [FXGL Background Thread 3 ] DEBUG Engine               - class com.almasb.fxgl.ui.FXGLUIFactoryServiceProvider
13:03:11.390 [FXGL Background Thread 3 ] DEBUG Engine               - class com.almasb.fxgl.ui.FXGLDialogFactoryServiceProvider
13:03:11.390 [FXGL Background Thread 3 ] DEBUG Engine               - class com.almasb.fxgl.audio.AudioPlayer
13:03:11.391 [FXGL Background Thread 3 ] DEBUG Engine               - class com.almasb.fxgl.notification.impl.NotificationServiceProvider
13:03:11.391 [FXGL Background Thread 3 ] DEBUG Engine               - class com.almasb.fxgl.achievement.AchievementService
13:03:11.391 [FXGL Background Thread 3 ] DEBUG Engine               - class com.almasb.fxgl.cutscene.CutsceneService
13:03:11.391 [FXGL Background Thread 3 ] DEBUG Engine               - class com.almasb.fxgl.minigames.MiniGameService
13:03:11.391 [FXGL Background Thread 3 ] DEBUG Engine               - class com.almasb.fxgl.net.NetService
13:03:11.392 [FXGL Background Thread 3 ] DEBUG Engine               - class com.almasb.fxgl.app.services.UpdaterService
13:03:11.392 [FXGL Background Thread 3 ] DEBUG Engine               - class com.almasb.fxgl.dev.DevService
13:03:29.359 [JavaFX Application Thread] DEBUG PrimaryStageWindow   - Push state: FXGLDefaultMenu
13:03:29.372 [JavaFX Application Thread] DEBUG Input                - Clearing active input actions
13:03:29.376 [JavaFX Application Thread] DEBUG GameApplicationServi - Removing overlay from GameScene and adding to FXGLDefaultMenu
13:03:29.381 [JavaFX Application Thread] DEBUG PrimaryStageWindow   - GameScene -> FXGLDefaultMenu
13:03:29.915 [JavaFX Application Thread] DEBUG PrimaryStageWindow   - Pop state: FXGLDefaultMenu
13:03:29.916 [JavaFX Application Thread] DEBUG Input                - Clearing active input actions
13:03:29.918 [JavaFX Application Thread] DEBUG GameApplicationServi - Removing overlay from FXGLDefaultMenu and adding to GameScene
13:03:29.922 [JavaFX Application Thread] DEBUG PrimaryStageWindow   - GameScene <- FXGLDefaultMenu
13:03:30.222 [JavaFX Application Thread] DEBUG PrimaryStageWindow   - Push state: FXGLDefaultMenu
13:03:30.223 [JavaFX Application Thread] DEBUG Input                - Clearing active input actions
13:03:30.225 [JavaFX Application Thread] DEBUG GameApplicationServi - Removing overlay from GameScene and adding to FXGLDefaultMenu
13:03:30.229 [JavaFX Application Thread] DEBUG PrimaryStageWindow   - GameScene -> FXGLDefaultMenu
13:03:31.435 [JavaFX Application Thread] DEBUG PrimaryStageWindow   - Pop state: FXGLDefaultMenu
13:03:31.435 [JavaFX Application Thread] DEBUG Input                - Clearing active input actions
13:03:31.437 [JavaFX Application Thread] DEBUG GameApplicationServi - Removing overlay from FXGLDefaultMenu and adding to GameScene
13:03:31.439 [JavaFX Application Thread] DEBUG PrimaryStageWindow   - GameScene <- FXGLDefaultMenu
13:03:37.401 [JavaFX Application Thread] DEBUG PrimaryStageWindow   - Push state: FXGLDefaultMenu
13:03:37.403 [JavaFX Application Thread] DEBUG Input                - Clearing active input actions
13:03:37.405 [JavaFX Application Thread] DEBUG GameApplicationServi - Removing overlay from GameScene and adding to FXGLDefaultMenu
13:03:37.412 [JavaFX Application Thread] DEBUG PrimaryStageWindow   - GameScene -> FXGLDefaultMenu
13:03:38.503 [JavaFX Application Thread] DEBUG Menu                 - fireExit()
13:03:38.509 [JavaFX Application Thread] DEBUG PrimaryStageWindow   - Push state: DialogSubScene
13:03:38.510 [JavaFX Application Thread] DEBUG Input                - Clearing active input actions
13:03:38.511 [JavaFX Application Thread] DEBUG GameApplicationServi - Removing overlay from FXGLDefaultMenu and adding to DialogSubScene
13:03:38.515 [JavaFX Application Thread] DEBUG PrimaryStageWindow   - FXGLDefaultMenu -> DialogSubScene
13:03:39.811 [JavaFX Application Thread] DEBUG PrimaryStageWindow   - Pop state: DialogSubScene
13:03:39.812 [JavaFX Application Thread] DEBUG Input                - Clearing active input actions
13:03:39.816 [JavaFX Application Thread] DEBUG GameApplicationServi - Removing overlay from DialogSubScene and adding to FXGLDefaultMenu
13:03:39.818 [JavaFX Application Thread] DEBUG PrimaryStageWindow   - FXGLDefaultMenu <- DialogSubScene
13:03:39.818 [JavaFX Application Thread] DEBUG FXGLApplication      - Exiting FXGL
13:03:39.819 [JavaFX Application Thread] DEBUG LoopRunner           - Stopping loop
13:03:39.819 [JavaFX Application Thread] DEBUG SystemBundleService  - Saving FXGL system data
13:03:39.823 [JavaFX Application Thread] DEBUG FileSystemAccess     - Writing to: /home/sam/Desktop/Repos/spaceship/system/fxgl.bundle
13:03:39.828 [JavaFX Application Thread] DEBUG Async                - Shutting down background threads
13:03:39.828 [JavaFX Application Thread] DEBUG PrimaryStageWindow   - Closing main window
13:03:39.836 [JavaFX Application Thread] DEBUG Logger               - Closing Logger
