12:53:38.060 [main                     ] DEBUG Logger               - Configured Logger
12:53:38.137 [main                     ] DEBUG GameApplication      - Logging settings
Title: Spaceship
Version: 0.0
Width: 2400
Height: 1300
Fullscreen: true
Intro: false
Profiling: false
Single step:false
App Mode: DEVELOPER
Menu Key: ESCAPE
Stage Style: DECORATED
Scene Factory: class com.almasb.fxgl.app.scene.SceneFactory

12:53:38.866 [JavaFX Application Thread] DEBUG FXGLApplication      - Initializing FXGL
12:53:38.873 [JavaFX Application Thread] INFO  Engine               - FXGL-11.17 (16.07.2021 15.46) on LINUX (J:11.0.16.1 FX:16)
12:53:38.874 [JavaFX Application Thread] DEBUG Engine               - JRE Vendor Name: Oracle Corporation
12:53:38.874 [JavaFX Application Thread] DEBUG Engine               - Running on OS: Linux version 5.15.65-1-MANJARO
12:53:38.875 [JavaFX Application Thread] DEBUG Engine               - Architecture: amd64
12:53:38.875 [JavaFX Application Thread] INFO  Engine               - Source code and latest versions at: https://github.com/AlmasB/FXGL
12:53:38.876 [JavaFX Application Thread] INFO  Engine               -              Join the FXGL chat at: https://gitter.im/AlmasB/FXGL
12:53:39.135 [JavaFX Application Thread] DEBUG PrimaryStageWindow   - Creating a JavaFX scene
12:53:39.136 [JavaFX Application Thread] DEBUG PrimaryStageWindow   - Target size > screen size
12:53:39.365 [JavaFX Application Thread] DEBUG PrimaryStageWindow   - Target settings size: 2400.0 x 1300.0
12:53:39.366 [JavaFX Application Thread] DEBUG PrimaryStageWindow   - Scaled scene size:    1895.0 x 1040.0
12:53:39.366 [JavaFX Application Thread] DEBUG PrimaryStageWindow   - Scaled ratio: (0.7895833333333333, 0.8)
12:53:39.369 [JavaFX Application Thread] DEBUG PrimaryStageWindow   - Set initial scene to FXGLStartupScene
12:53:39.392 [JavaFX Application Thread] DEBUG PrimaryStageWindow   - Opening main window
12:53:39.500 [JavaFX Application Thread] DEBUG PrimaryStageWindow   - Window border size: (2.0, 29.0)
12:53:39.500 [JavaFX Application Thread] DEBUG PrimaryStageWindow   - Scaled size: 1895.0 x 1040.0
12:53:39.501 [JavaFX Application Thread] DEBUG PrimaryStageWindow   - Scaled ratio: (0.7895833333333333, 0.8)
12:53:39.501 [JavaFX Application Thread] DEBUG PrimaryStageWindow   - Scene size: 1895.0 x 1040.0
12:53:39.501 [JavaFX Application Thread] DEBUG PrimaryStageWindow   - Stage size: 1897.0 x 1069.0
12:53:39.504 [JavaFX Application Thread] DEBUG PrimaryStageWindow   - Going fullscreen
12:53:39.528 [FXGL Background Thread 1 ] DEBUG Engine               - Initializing environment variables
12:53:39.713 [FXGL Background Thread 1 ] DEBUG FXGLAssetLoaderServi - User app class for loading assets: class com.example.App
12:53:39.714 [FXGL Background Thread 1 ] DEBUG GameApplicationServi - Applying CSS: fxgl_dark.css
12:53:39.717 [FXGL Background Thread 1 ] DEBUG FXGLAssetLoaderServi - Loading from file system: jar:file:/home/sam/.m2/repository/com/github/almasb/fxgl/11.17/fxgl-11.17.jar!/fxglassets/ui/css/fxgl_dark.css
12:53:39.915 [FXGL Background Thread 1 ] DEBUG GameApplicationServi - Initializing application scenes
12:53:40.089 [FXGL Background Thread 1 ] DEBUG GameWorld            - Game world initialized
12:53:40.209 [FXGL Background Thread 1 ] DEBUG PhysicsWorld         - Physics world initialized: appHeight=1300, physics.ppm=50.0
12:53:40.211 [FXGL Background Thread 1 ] DEBUG PhysicsWorld         - Using strategy: BRUTE_FORCE
12:53:40.222 [FXGL Background Thread 1 ] DEBUG GameScene            - Game scene initialized: 2400x1300
12:53:40.252 [FXGL Background Thread 1 ] DEBUG FXGL.DefaultMenu     - createMenuBodyGameMenu()
12:53:40.291 [FXGL Background Thread 1 ] DEBUG FXGL.DefaultMenu     - createOptionsMenu()
12:53:40.315 [FXGL Background Thread 1 ] DEBUG FXGLAssetLoaderServi - Loading from file system: jar:file:/home/sam/.m2/repository/com/github/almasb/fxgl/11.17/fxgl-11.17.jar!/fxglassets/textures/particles/smoke.png
12:53:40.496 [FXGL Background Thread 1 ] DEBUG FXGLAssetLoaderServi - Loading from file system: jar:file:/home/sam/.m2/repository/com/github/almasb/fxgl/11.17/fxgl-11.17.jar!/fxglassets/textures/particles/trace_horizontal.png
12:53:40.546 [FXGL Background Thread 1 ] DEBUG GameApplicationServi - Application scenes initialized
12:53:40.570 [FXGL Background Thread 1 ] DEBUG SystemBundleService  - Loading FXGL system data
12:53:40.578 [FXGL Background Thread 1 ] DEBUG FileSystemAccess     - Reading from: /home/sam/Desktop/Repos/spaceship/system/fxgl.bundle
12:53:40.592 [FXGL Background Thread 1 ] DEBUG SystemBundleService  - Bundle FXGL: {}
12:53:40.593 [FXGL Background Thread 1 ] DEBUG UpdaterService       - Checking for updates
12:53:40.680 [FXGL Background Thread 4 ] DEBUG FXGLApplication      - Loading fonts
12:53:40.681 [FXGL Background Thread 4 ] DEBUG FXGLAssetLoaderServi - Loading from file system: jar:file:/home/sam/.m2/repository/com/github/almasb/fxgl/11.17/fxgl-11.17.jar!/fxglassets/ui/fonts/VarelaRound-Regular.ttf
12:53:40.684 [FXGL Background Thread 1 ] DEBUG FXGLApplication      - Loading default localization
12:53:40.687 [FXGL Background Thread 1 ] DEBUG FXGLAssetLoaderServi - Loading from file system: jar:file:/home/sam/.m2/repository/com/github/almasb/fxgl/11.17/fxgl-11.17.jar!/fxglassets/languages/english.lang
12:53:40.727 [FXGL Background Thread 4 ] DEBUG FXGLAssetLoaderServi - Loading from file system: jar:file:/home/sam/.m2/repository/com/github/almasb/fxgl/11.17/fxgl-11.17.jar!/fxglassets/ui/fonts/Abel-Regular.ttf
12:53:40.737 [FXGL Background Thread 4 ] DEBUG FXGLAssetLoaderServi - Loading from file system: jar:file:/home/sam/.m2/repository/com/github/almasb/fxgl/11.17/fxgl-11.17.jar!/fxglassets/ui/fonts/lucida_console.ttf
12:53:40.742 [FXGL Background Thread 4 ] DEBUG FXGLAssetLoaderServi - Loading from file system: jar:file:/home/sam/.m2/repository/com/github/almasb/fxgl/11.17/fxgl-11.17.jar!/fxglassets/ui/fonts/Courier-Prime.ttf
12:53:40.744 [FXGL Background Thread 1 ] INFO  FXGLApplication      - FXGL initialization took: 1.213 sec
12:53:40.752 [JavaFX Application Thread] DEBUG FXGLApplication      - Registering font factories with UI factory
12:53:40.799 [JavaFX Application Thread] DEBUG Input                - Registered new binding: action0 - W
12:53:40.800 [JavaFX Application Thread] DEBUG Input                - Registered new binding: action1 - S
12:53:40.809 [JavaFX Application Thread] DEBUG Input                - Registered new binding: action2 - A
12:53:40.810 [JavaFX Application Thread] DEBUG Input                - Registered new binding: action3 - D
12:53:40.811 [JavaFX Application Thread] DEBUG Input                - Registered new binding: action4 - Space
12:53:40.812 [JavaFX Application Thread] DEBUG Input                - Registered new binding: action5 - R
12:53:40.814 [JavaFX Application Thread] DEBUG Input                - Registered new binding: action6 - Up
12:53:40.816 [JavaFX Application Thread] DEBUG Input                - Registered new binding: action7 - Down
12:53:40.818 [JavaFX Application Thread] DEBUG Input                - Registered new binding: action8 - Left
12:53:40.821 [JavaFX Application Thread] DEBUG Input                - Registered new binding: action9 - Right
12:53:40.822 [JavaFX Application Thread] DEBUG Input                - Registered new binding: action10 - Slash
12:53:40.825 [JavaFX Application Thread] DEBUG Input                - Registered new binding: action11 - 0
12:53:40.833 [JavaFX Application Thread] DEBUG FXGLAssetLoaderServi - Loading from file system: jar:file:/home/sam/.m2/repository/com/github/almasb/fxgl/11.17/fxgl-11.17.jar!/fxglassets/textures/fxgl_icon.png
12:53:40.952 [JavaFX Application Thread] DEBUG FXGLAssetLoaderServi - Loading from file system: jar:file:/home/sam/.m2/repository/com/github/almasb/fxgl/11.17/fxgl-11.17.jar!/fxglassets/textures/fxgl_default_cursor.png
12:53:40.956 [JavaFX Application Thread] DEBUG Input                - Registered new binding: Screenshot - CTRL+8
12:53:40.957 [JavaFX Application Thread] DEBUG Input                - Registered new binding: Dev Options - 1
12:53:40.960 [JavaFX Application Thread] DEBUG Input                - Registered new binding: Dev Console - 2
12:53:40.961 [JavaFX Application Thread] DEBUG Input                - Registered new binding: System info dump - CTRL+9
12:53:40.961 [JavaFX Application Thread] DEBUG Input                - Registered new binding: Restart - CTRL+R
12:53:40.962 [JavaFX Application Thread] DEBUG Input                - Registered new binding: Toggle Debug Camera - CTRL+C
12:53:40.966 [JavaFX Application Thread] DEBUG LoopRunner           - Starting loop
12:53:40.997 [JavaFX Application Thread] DEBUG LoopRunner           - Initializing JavaFX AnimationTimerLoop
12:53:41.000 [JavaFX Application Thread] DEBUG GameApplicationServi - Starting new game
12:53:41.001 [JavaFX Application Thread] DEBUG Input                - Clearing active input actions
12:53:41.027 [JavaFX Application Thread] DEBUG GameApplicationServi - Removing overlay from FXGLStartupScene and adding to FXGLLoadingScene
12:53:41.036 [JavaFX Application Thread] DEBUG PrimaryStageWindow   - FXGLStartupScene -> FXGLLoadingScene
12:53:41.036 [JavaFX Application Thread] DEBUG GameApplicationServi - Clearing previous game
12:53:41.036 [JavaFX Application Thread] DEBUG GameScene            - Clearing game scene
12:53:41.037 [JavaFX Application Thread] DEBUG GameWorld            - Clearing game world
12:53:41.037 [JavaFX Application Thread] DEBUG PhysicsWorld         - Clearing physics world
12:53:41.040 [FXGL Background Thread 1 ] DEBUG FXGLApplication      - Initializing game
12:53:41.053 [FXGL Background Thread 1 ] DEBUG FXGLAssetLoaderServi - Loading from file system: file:/home/sam/Desktop/Repos/spaceship/target/classes/assets/textures/Spaceship.png
12:53:41.115 [FXGL Background Thread 1 ] DEBUG FXGLAssetLoaderServi - Loading from file system: file:/home/sam/Desktop/Repos/spaceship/target/classes/assets/textures/Spaceship2.png
12:53:41.122 [FXGL Background Thread 1 ] INFO  FXGLApplication      - Game initialization took: 0.082 sec
12:53:41.585 [FXGL Background Thread 2 ] INFO  UpdaterService       - Your current version:  11.17
12:53:41.588 [FXGL Background Thread 2 ] INFO  UpdaterService       - Latest stable version: 17.2
12:53:41.730 [JavaFX Application Thread] DEBUG Input                - Clearing active input actions
12:53:41.750 [JavaFX Application Thread] DEBUG GameApplicationServi - Removing overlay from FXGLLoadingScene and adding to GameScene
12:53:41.761 [JavaFX Application Thread] DEBUG PrimaryStageWindow   - FXGLLoadingScene -> GameScene
12:53:43.670 [FXGL Background Thread 3 ] DEBUG Engine               - Logging environment variables
12:53:43.673 [FXGL Background Thread 3 ] DEBUG Engine               - achievements: []
12:53:43.674 [FXGL Background Thread 3 ] DEBUG Engine               - actualHeight: 1069.0
12:53:43.676 [FXGL Background Thread 3 ] DEBUG Engine               - actualHeightProperty: ReadOnlyDoubleProperty [value: 1080.0]
12:53:43.676 [FXGL Background Thread 3 ] DEBUG Engine               - actualWidth: 1897.0
12:53:43.677 [FXGL Background Thread 3 ] DEBUG Engine               - actualWidthProperty: ReadOnlyDoubleProperty [value: 1920.0]
12:53:43.679 [FXGL Background Thread 3 ] DEBUG Engine               - appIcon: fxgl_icon.png
12:53:43.679 [FXGL Background Thread 3 ] DEBUG Engine               - applicationMode: DEVELOPER
12:53:43.680 [FXGL Background Thread 3 ] DEBUG Engine               - cSSList: [fxgl_dark.css]
12:53:43.680 [FXGL Background Thread 3 ] DEBUG Engine               - collisionDetectionStrategy: BRUTE_FORCE
12:53:43.680 [FXGL Background Thread 3 ] DEBUG Engine               - configClass: Optional.empty
12:53:43.680 [FXGL Background Thread 3 ] DEBUG Engine               - credits: []
12:53:43.681 [FXGL Background Thread 3 ] DEBUG Engine               - defaultCursor: CursorInfo(imageName=fxgl_default_cursor.png, hotspotX=7.0, hotspotY=6.0)
12:53:43.682 [FXGL Background Thread 3 ] DEBUG Engine               - devBBoxColorProperty: ObjectProperty [value: 0xff0000ff]
12:53:43.683 [FXGL Background Thread 3 ] DEBUG Engine               - devEnableDebugCameraProperty: BooleanProperty [value: false]
12:53:43.683 [FXGL Background Thread 3 ] DEBUG Engine               - devSensorColorProperty: ObjectProperty [value: 0xffff00ff]
12:53:43.683 [FXGL Background Thread 3 ] DEBUG Engine               - devShowBBoxProperty: BooleanProperty [value: false]
12:53:43.684 [FXGL Background Thread 3 ] DEBUG Engine               - devShowPositionProperty: BooleanProperty [value: false]
12:53:43.684 [FXGL Background Thread 3 ] DEBUG Engine               - enabledMenuItems: []
12:53:43.684 [FXGL Background Thread 3 ] DEBUG Engine               - engineServices: [class com.almasb.fxgl.app.services.FXGLAssetLoaderService, class com.almasb.fxgl.app.FXGLApplication$GameApplicationService, class com.almasb.fxgl.app.services.FXGLDialogService, class com.almasb.fxgl.app.services.IOTaskExecutorService, class com.almasb.fxgl.io.FileSystemService, class com.almasb.fxgl.localization.LocalizationService, class com.almasb.fxgl.app.services.SystemBundleService, class com.almasb.fxgl.profile.SaveLoadService, class com.almasb.fxgl.ui.FXGLUIFactoryServiceProvider, class com.almasb.fxgl.ui.FXGLDialogFactoryServiceProvider, class com.almasb.fxgl.audio.AudioPlayer, class com.almasb.fxgl.notification.impl.NotificationServiceProvider, class com.almasb.fxgl.achievement.AchievementService, class com.almasb.fxgl.cutscene.CutsceneService, class com.almasb.fxgl.minigames.MiniGameService, class com.almasb.fxgl.net.NetService, class com.almasb.fxgl.app.services.UpdaterService, class com.almasb.fxgl.dev.DevService]
12:53:43.685 [FXGL Background Thread 3 ] DEBUG Engine               - fontGame: Abel-Regular.ttf
12:53:43.685 [FXGL Background Thread 3 ] DEBUG Engine               - fontMono: lucida_console.ttf
12:53:43.685 [FXGL Background Thread 3 ] DEBUG Engine               - fontText: Courier-Prime.ttf
12:53:43.686 [FXGL Background Thread 3 ] DEBUG Engine               - fontUI: VarelaRound-Regular.ttf
12:53:43.686 [FXGL Background Thread 3 ] DEBUG Engine               - fullScreen: BooleanProperty [value: true]
12:53:43.686 [FXGL Background Thread 3 ] DEBUG Engine               - gameDifficulty: MEDIUM
12:53:43.686 [FXGL Background Thread 3 ] DEBUG Engine               - gameDifficultyProperty: ObjectProperty [value: MEDIUM]
12:53:43.687 [FXGL Background Thread 3 ] DEBUG Engine               - globalMusicVolume: 0.5
12:53:43.687 [FXGL Background Thread 3 ] DEBUG Engine               - globalMusicVolumeProperty: DoubleProperty [value: 0.5]
12:53:43.688 [FXGL Background Thread 3 ] DEBUG Engine               - globalSoundVolume: 0.5
12:53:43.689 [FXGL Background Thread 3 ] DEBUG Engine               - globalSoundVolumeProperty: DoubleProperty [value: 0.5]
12:53:43.690 [FXGL Background Thread 3 ] DEBUG Engine               - height: 1300
12:53:43.691 [FXGL Background Thread 3 ] DEBUG Engine               - is3D: false
12:53:43.691 [FXGL Background Thread 3 ] DEBUG Engine               - isAndroid: false
12:53:43.691 [FXGL Background Thread 3 ] DEBUG Engine               - isBrowser: false
12:53:43.691 [FXGL Background Thread 3 ] DEBUG Engine               - isClickFeedbackEnabled: false
12:53:43.692 [FXGL Background Thread 3 ] DEBUG Engine               - isCloseConfirmation: false
12:53:43.692 [FXGL Background Thread 3 ] DEBUG Engine               - isDesktop: true
12:53:43.693 [FXGL Background Thread 3 ] DEBUG Engine               - isDeveloperMenuEnabled: true
12:53:43.693 [FXGL Background Thread 3 ] DEBUG Engine               - isEntityPreloadEnabled: true
12:53:43.693 [FXGL Background Thread 3 ] DEBUG Engine               - isExperimentalTiledLargeMap: false
12:53:43.693 [FXGL Background Thread 3 ] DEBUG Engine               - isFileSystemWriteAllowed: true
12:53:43.693 [FXGL Background Thread 3 ] DEBUG Engine               - isFullScreenAllowed: true
12:53:43.694 [FXGL Background Thread 3 ] DEBUG Engine               - isFullScreenFromStart: true
12:53:43.694 [FXGL Background Thread 3 ] DEBUG Engine               - isGameMenuEnabled: true
12:53:43.694 [FXGL Background Thread 3 ] DEBUG Engine               - isIOS: false
12:53:43.694 [FXGL Background Thread 3 ] DEBUG Engine               - isIntroEnabled: false
12:53:43.695 [FXGL Background Thread 3 ] DEBUG Engine               - isLinux: true
12:53:43.695 [FXGL Background Thread 3 ] DEBUG Engine               - isMac: false
12:53:43.695 [FXGL Background Thread 3 ] DEBUG Engine               - isMainMenuEnabled: false
12:53:43.695 [FXGL Background Thread 3 ] DEBUG Engine               - isManualResizeEnabled: true
12:53:43.696 [FXGL Background Thread 3 ] DEBUG Engine               - isMobile: false
12:53:43.696 [FXGL Background Thread 3 ] DEBUG Engine               - isNative: false
12:53:43.696 [FXGL Background Thread 3 ] DEBUG Engine               - isPauseMusicWhenMinimized: true
12:53:43.696 [FXGL Background Thread 3 ] DEBUG Engine               - isPreserveResizeRatio: false
12:53:43.697 [FXGL Background Thread 3 ] DEBUG Engine               - isProfilingEnabled: false
12:53:43.697 [FXGL Background Thread 3 ] DEBUG Engine               - isScaleAffectedOnResize: true
12:53:43.697 [FXGL Background Thread 3 ] DEBUG Engine               - isSingleStep: false
12:53:43.697 [FXGL Background Thread 3 ] DEBUG Engine               - isUserProfileEnabled: false
12:53:43.697 [FXGL Background Thread 3 ] DEBUG Engine               - isWindows: false
12:53:43.698 [FXGL Background Thread 3 ] DEBUG Engine               - language: ObjectProperty [value: ENGLISH]
12:53:43.698 [FXGL Background Thread 3 ] DEBUG Engine               - menuKey: ESCAPE
12:53:43.698 [FXGL Background Thread 3 ] DEBUG Engine               - mouseSensitivity: 0.2
12:53:43.698 [FXGL Background Thread 3 ] DEBUG Engine               - notificationViewClass: class com.almasb.fxgl.notification.view.XboxNotificationView
12:53:43.699 [FXGL Background Thread 3 ] DEBUG Engine               - pixelsPerMeter: 50.0
12:53:43.699 [FXGL Background Thread 3 ] DEBUG Engine               - platform: LINUX
12:53:43.699 [FXGL Background Thread 3 ] DEBUG Engine               - prefHeightProperty: ReadOnlyDoubleProperty [value: 1300.0]
12:53:43.699 [FXGL Background Thread 3 ] DEBUG Engine               - prefWidthProperty: ReadOnlyDoubleProperty [value: 2400.0]
12:53:43.699 [FXGL Background Thread 3 ] DEBUG Engine               - profileDir: profiles/
12:53:43.700 [FXGL Background Thread 3 ] DEBUG Engine               - profileName: StringProperty [value: DEFAULT]
12:53:43.700 [FXGL Background Thread 3 ] DEBUG Engine               - randomSeed: -1
12:53:43.700 [FXGL Background Thread 3 ] DEBUG Engine               - runtimeInfo: RuntimeInfo(platform=LINUX, version=11.17, build=16.07.2021 15.46)
12:53:43.701 [FXGL Background Thread 3 ] DEBUG Engine               - saveFileExt: sav
12:53:43.701 [FXGL Background Thread 3 ] DEBUG Engine               - scaledHeightProp$fxgl: DoubleProperty [bound, value: 1080.0]
12:53:43.701 [FXGL Background Thread 3 ] DEBUG Engine               - scaledWidthProp$fxgl: DoubleProperty [bound, value: 1920.0]
12:53:43.702 [FXGL Background Thread 3 ] DEBUG Engine               - sceneFactory: com.almasb.fxgl.app.scene.SceneFactory@5c338525
12:53:43.702 [FXGL Background Thread 3 ] DEBUG Engine               - secondsIn24h: 60
12:53:43.702 [FXGL Background Thread 3 ] DEBUG Engine               - soundMenuBack: menu/back.wav
12:53:43.702 [FXGL Background Thread 3 ] DEBUG Engine               - soundMenuPress: menu/press.wav
12:53:43.702 [FXGL Background Thread 3 ] DEBUG Engine               - soundMenuSelect: menu/select.wav
12:53:43.702 [FXGL Background Thread 3 ] DEBUG Engine               - soundNotification: core/notification.wav
12:53:43.702 [FXGL Background Thread 3 ] DEBUG Engine               - stageStyle: DECORATED
12:53:43.703 [FXGL Background Thread 3 ] DEBUG Engine               - supportedLanguages: [ENGLISH, FRENCH, GERMAN, HUNGARIAN, RUSSIAN]
12:53:43.703 [FXGL Background Thread 3 ] DEBUG Engine               - ticksPerSecond: -1
12:53:43.703 [FXGL Background Thread 3 ] DEBUG Engine               - title: Spaceship
12:53:43.703 [FXGL Background Thread 3 ] DEBUG Engine               - urlGithub: https://github.com/AlmasB/FXGL
12:53:43.704 [FXGL Background Thread 3 ] DEBUG Engine               - urlLeaderboard: http://fxgl-top.herokuapp.com/
12:53:43.704 [FXGL Background Thread 3 ] DEBUG Engine               - urlPOM: https://raw.githubusercontent.com/AlmasB/FXGL/release/README.md
12:53:43.704 [FXGL Background Thread 3 ] DEBUG Engine               - userAppClass: class com.example.App
12:53:43.705 [FXGL Background Thread 3 ] DEBUG Engine               - version: 0.0
12:53:43.705 [FXGL Background Thread 3 ] DEBUG Engine               - versionCheckDays: 7
12:53:43.705 [FXGL Background Thread 3 ] DEBUG Engine               - width: 2400
12:53:43.705 [FXGL Background Thread 3 ] DEBUG Engine               - Logging services
12:53:43.705 [FXGL Background Thread 3 ] DEBUG Engine               - class com.almasb.fxgl.app.services.FXGLAssetLoaderService
12:53:43.706 [FXGL Background Thread 3 ] DEBUG Engine               - class com.almasb.fxgl.app.FXGLApplication$GameApplicationService
12:53:43.706 [FXGL Background Thread 3 ] DEBUG Engine               - class com.almasb.fxgl.app.services.FXGLDialogService
12:53:43.706 [FXGL Background Thread 3 ] DEBUG Engine               - class com.almasb.fxgl.app.services.IOTaskExecutorService
12:53:43.706 [FXGL Background Thread 3 ] DEBUG Engine               - class com.almasb.fxgl.io.FileSystemService
12:53:43.707 [FXGL Background Thread 3 ] DEBUG Engine               - class com.almasb.fxgl.localization.LocalizationService
12:53:43.707 [FXGL Background Thread 3 ] DEBUG Engine               - class com.almasb.fxgl.app.services.SystemBundleService
12:53:43.707 [FXGL Background Thread 3 ] DEBUG Engine               - class com.almasb.fxgl.profile.SaveLoadService
12:53:43.707 [FXGL Background Thread 3 ] DEBUG Engine               - class com.almasb.fxgl.ui.FXGLUIFactoryServiceProvider
12:53:43.707 [FXGL Background Thread 3 ] DEBUG Engine               - class com.almasb.fxgl.ui.FXGLDialogFactoryServiceProvider
12:53:43.711 [JavaFX Application Thread] DEBUG PrimaryStageWindow   - Push state: FXGLDefaultMenu
12:53:43.709 [FXGL Background Thread 3 ] DEBUG Engine               - class com.almasb.fxgl.audio.AudioPlayer
12:53:43.715 [FXGL Background Thread 3 ] DEBUG Engine               - class com.almasb.fxgl.notification.impl.NotificationServiceProvider
12:53:43.715 [FXGL Background Thread 3 ] DEBUG Engine               - class com.almasb.fxgl.achievement.AchievementService
12:53:43.715 [FXGL Background Thread 3 ] DEBUG Engine               - class com.almasb.fxgl.cutscene.CutsceneService
12:53:43.716 [FXGL Background Thread 3 ] DEBUG Engine               - class com.almasb.fxgl.minigames.MiniGameService
12:53:43.716 [FXGL Background Thread 3 ] DEBUG Engine               - class com.almasb.fxgl.net.NetService
12:53:43.716 [FXGL Background Thread 3 ] DEBUG Engine               - class com.almasb.fxgl.app.services.UpdaterService
12:53:43.716 [FXGL Background Thread 3 ] DEBUG Engine               - class com.almasb.fxgl.dev.DevService
12:53:43.721 [JavaFX Application Thread] DEBUG Input                - Clearing active input actions
12:53:43.725 [JavaFX Application Thread] DEBUG GameApplicationServi - Removing overlay from GameScene and adding to FXGLDefaultMenu
12:53:43.732 [JavaFX Application Thread] DEBUG PrimaryStageWindow   - GameScene -> FXGLDefaultMenu
12:53:44.018 [JavaFX Application Thread] DEBUG PrimaryStageWindow   - Pop state: FXGLDefaultMenu
12:53:44.018 [JavaFX Application Thread] DEBUG Input                - Clearing active input actions
12:53:44.021 [JavaFX Application Thread] DEBUG GameApplicationServi - Removing overlay from FXGLDefaultMenu and adding to GameScene
12:53:44.026 [JavaFX Application Thread] DEBUG PrimaryStageWindow   - GameScene <- FXGLDefaultMenu
12:53:44.205 [JavaFX Application Thread] DEBUG PrimaryStageWindow   - Push state: FXGLDefaultMenu
12:53:44.207 [JavaFX Application Thread] DEBUG Input                - Clearing active input actions
12:53:44.209 [JavaFX Application Thread] DEBUG GameApplicationServi - Removing overlay from GameScene and adding to FXGLDefaultMenu
12:53:44.214 [JavaFX Application Thread] DEBUG PrimaryStageWindow   - GameScene -> FXGLDefaultMenu
12:53:44.418 [JavaFX Application Thread] DEBUG PrimaryStageWindow   - Pop state: FXGLDefaultMenu
12:53:44.419 [JavaFX Application Thread] DEBUG Input                - Clearing active input actions
12:53:44.421 [JavaFX Application Thread] DEBUG GameApplicationServi - Removing overlay from FXGLDefaultMenu and adding to GameScene
12:53:44.424 [JavaFX Application Thread] DEBUG PrimaryStageWindow   - GameScene <- FXGLDefaultMenu
12:53:44.772 [JavaFX Application Thread] DEBUG PrimaryStageWindow   - Push state: FXGLDefaultMenu
12:53:44.773 [JavaFX Application Thread] DEBUG Input                - Clearing active input actions
12:53:44.775 [JavaFX Application Thread] DEBUG GameApplicationServi - Removing overlay from GameScene and adding to FXGLDefaultMenu
12:53:44.778 [JavaFX Application Thread] DEBUG PrimaryStageWindow   - GameScene -> FXGLDefaultMenu
12:53:50.746 [JavaFX Application Thread] DEBUG FXGL.DefaultMenu     - createContentControls()
12:53:57.780 [JavaFX Application Thread] DEBUG PrimaryStageWindow   - Pop state: FXGLDefaultMenu
12:53:57.781 [JavaFX Application Thread] DEBUG Input                - Clearing active input actions
12:53:57.782 [JavaFX Application Thread] DEBUG GameApplicationServi - Removing overlay from FXGLDefaultMenu and adding to GameScene
12:53:57.785 [JavaFX Application Thread] DEBUG PrimaryStageWindow   - GameScene <- FXGLDefaultMenu
12:54:06.940 [JavaFX Application Thread] DEBUG PrimaryStageWindow   - Push state: FXGLDefaultMenu
12:54:06.941 [JavaFX Application Thread] DEBUG Input                - Clearing active input actions
12:54:06.942 [JavaFX Application Thread] DEBUG GameApplicationServi - Removing overlay from GameScene and adding to FXGLDefaultMenu
12:54:06.944 [JavaFX Application Thread] DEBUG PrimaryStageWindow   - GameScene -> FXGLDefaultMenu
12:54:08.115 [JavaFX Application Thread] DEBUG Menu                 - fireExit()
12:54:08.121 [JavaFX Application Thread] DEBUG PrimaryStageWindow   - Push state: DialogSubScene
12:54:08.121 [JavaFX Application Thread] DEBUG Input                - Clearing active input actions
12:54:08.122 [JavaFX Application Thread] DEBUG GameApplicationServi - Removing overlay from FXGLDefaultMenu and adding to DialogSubScene
12:54:08.123 [JavaFX Application Thread] DEBUG PrimaryStageWindow   - FXGLDefaultMenu -> DialogSubScene
12:54:10.279 [JavaFX Application Thread] DEBUG PrimaryStageWindow   - Pop state: DialogSubScene
12:54:10.279 [JavaFX Application Thread] DEBUG Input                - Clearing active input actions
12:54:10.280 [JavaFX Application Thread] DEBUG GameApplicationServi - Removing overlay from DialogSubScene and adding to FXGLDefaultMenu
12:54:10.281 [JavaFX Application Thread] DEBUG PrimaryStageWindow   - FXGLDefaultMenu <- DialogSubScene
12:54:10.282 [JavaFX Application Thread] DEBUG FXGLApplication      - Exiting FXGL
12:54:10.282 [JavaFX Application Thread] DEBUG LoopRunner           - Stopping loop
12:54:10.282 [JavaFX Application Thread] DEBUG SystemBundleService  - Saving FXGL system data
12:54:10.284 [JavaFX Application Thread] DEBUG FileSystemAccess     - Writing to: /home/sam/Desktop/Repos/spaceship/system/fxgl.bundle
12:54:10.288 [JavaFX Application Thread] DEBUG Async                - Shutting down background threads
12:54:10.288 [JavaFX Application Thread] DEBUG PrimaryStageWindow   - Closing main window
12:54:10.294 [JavaFX Application Thread] DEBUG Logger               - Closing Logger
